[ 2015-01-30T16:13:09+08:00 ] ::1 /W3CAY/Public/CSS/layout.css
ERR: 无法加载控制器:Public

[ 2015-01-30T16:13:09+08:00 ] ::1 /W3CAY/Public/Js/layout.js
ERR: 无法加载控制器:Public

[ 2015-01-30T16:13:09+08:00 ] ::1 /W3CAY/Public/Js/jquery/jquery-2.1.3.js
ERR: 无法加载控制器:Public

[ 2015-01-30T16:13:09+08:00 ] ::1 /W3CAY/Public/CSS/home.css
ERR: 无法加载控制器:Public

[ 2015-01-30T16:13:09+08:00 ] ::1 /W3CAY/Public/Js/home.js
ERR: 无法加载控制器:Public

[ 2015-01-30T16:13:38+08:00 ] ::1 /W3CAY/APP_NAME/Home/View/Public/CSS/layout.css
ERR: 无法加载控制器:APP_NAME

[ 2015-01-30T16:13:38+08:00 ] ::1 /W3CAY/APP_NAME/Home/View/Public/Js/home.js
ERR: 无法加载控制器:APP_NAME

[ 2015-01-30T16:13:38+08:00 ] ::1 /W3CAY/APP_NAME/Home/View/Public/Js/jquery/jquery-2.1.3.js
ERR: 无法加载控制器:APP_NAME

[ 2015-01-30T16:13:38+08:00 ] ::1 /W3CAY/APP_NAME/Home/View/Public/Js/layout.js
ERR: 无法加载控制器:APP_NAME

[ 2015-01-30T16:13:38+08:00 ] ::1 /W3CAY/APP_NAME/Home/View/Public/CSS/home.css
ERR: 无法加载控制器:APP_NAME

[ 2015-01-30T16:13:40+08:00 ] ::1 /W3CAY/APP_NAME/Home/View/Public/CSS/layout.css
ERR: 无法加载控制器:APP_NAME

[ 2015-01-30T16:13:40+08:00 ] ::1 /W3CAY/APP_NAME/Home/View/Public/Js/jquery/jquery-2.1.3.js
ERR: 无法加载控制器:APP_NAME

[ 2015-01-30T16:13:40+08:00 ] ::1 /W3CAY/APP_NAME/Home/View/Public/CSS/home.css
ERR: 无法加载控制器:APP_NAME

[ 2015-01-30T16:13:40+08:00 ] ::1 /W3CAY/APP_NAME/Home/View/Public/Js/home.js
ERR: 无法加载控制器:APP_NAME

[ 2015-01-30T16:13:40+08:00 ] ::1 /W3CAY/APP_NAME/Home/View/Public/Js/layout.js
ERR: 无法加载控制器:APP_NAME

[ 2015-01-30T16:13:41+08:00 ] ::1 /W3CAY/APP_NAME/Home/View/Public/CSS/home.css
ERR: 无法加载控制器:APP_NAME

[ 2015-01-30T16:13:41+08:00 ] ::1 /W3CAY/APP_NAME/Home/View/Public/Js/layout.js
ERR: 无法加载控制器:APP_NAME

[ 2015-01-30T16:13:41+08:00 ] ::1 /W3CAY/APP_NAME/Home/View/Public/CSS/layout.css
ERR: 无法加载控制器:APP_NAME

[ 2015-01-30T16:13:41+08:00 ] ::1 /W3CAY/APP_NAME/Home/View/Public/Js/jquery/jquery-2.1.3.js
ERR: 无法加载控制器:APP_NAME

[ 2015-01-30T16:13:41+08:00 ] ::1 /W3CAY/APP_NAME/Home/View/Public/Js/home.js
ERR: 无法加载控制器:APP_NAME

[ 2015-01-30T16:13:43+08:00 ] ::1 /W3CAY/APP_NAME/Home/View/Public/CSS/layout.css
ERR: 无法加载控制器:APP_NAME

[ 2015-01-30T16:13:43+08:00 ] ::1 /W3CAY/APP_NAME/Home/View/Public/Js/home.js
ERR: 无法加载控制器:APP_NAME

[ 2015-01-30T16:13:43+08:00 ] ::1 /W3CAY/APP_NAME/Home/View/Public/CSS/home.css
ERR: 无法加载控制器:APP_NAME

[ 2015-01-30T16:13:43+08:00 ] ::1 /W3CAY/APP_NAME/Home/View/Public/Js/layout.js
ERR: 无法加载控制器:APP_NAME

[ 2015-01-30T16:13:43+08:00 ] ::1 /W3CAY/APP_NAME/Home/View/Public/Js/jquery/jquery-2.1.3.js
ERR: 无法加载控制器:APP_NAME

[ 2015-01-30T16:14:16+08:00 ] ::1 /W3CAY/APP_NAME/Home/View/Public/CSS/layout.css
ERR: 无法加载控制器:APP_NAME

[ 2015-01-30T16:14:16+08:00 ] ::1 /W3CAY/APP_NAME/Home/View/Public/Js/layout.js
ERR: 无法加载控制器:APP_NAME

[ 2015-01-30T16:14:16+08:00 ] ::1 /W3CAY/APP_NAME/Home/View/Public/CSS/home.css
ERR: 无法加载控制器:APP_NAME

[ 2015-01-30T16:14:16+08:00 ] ::1 /W3CAY/APP_NAME/Home/View/Public/Js/jquery/jquery-2.1.3.js
ERR: 无法加载控制器:APP_NAME

[ 2015-01-30T16:14:16+08:00 ] ::1 /W3CAY/APP_NAME/Home/View/Public/Js/home.js
ERR: 无法加载控制器:APP_NAME

[ 2015-01-30T16:14:17+08:00 ] ::1 /W3CAY/APP_NAME/Home/View/Public/CSS/layout.css
ERR: 无法加载控制器:APP_NAME

[ 2015-01-30T16:14:17+08:00 ] ::1 /W3CAY/APP_NAME/Home/View/Public/CSS/home.css
ERR: 无法加载控制器:APP_NAME

[ 2015-01-30T16:14:17+08:00 ] ::1 /W3CAY/APP_NAME/Home/View/Public/Js/home.js
ERR: 无法加载控制器:APP_NAME

[ 2015-01-30T16:14:17+08:00 ] ::1 /W3CAY/APP_NAME/Home/View/Public/Js/layout.js
ERR: 无法加载控制器:APP_NAME

[ 2015-01-30T16:14:17+08:00 ] ::1 /W3CAY/APP_NAME/Home/View/Public/Js/jquery/jquery-2.1.3.js
ERR: 无法加载控制器:APP_NAME

[ 2015-01-30T16:14:23+08:00 ] ::1 /W3CAY/APP_NAME/Home/View/Public/CSS/layout.css
ERR: 无法加载控制器:APP_NAME

[ 2015-01-30T16:14:23+08:00 ] ::1 /W3CAY/APP_NAME/Home/View/Public/Js/jquery/jquery-2.1.3.js
ERR: 无法加载控制器:APP_NAME

[ 2015-01-30T16:14:23+08:00 ] ::1 /W3CAY/APP_NAME/Home/View/Public/Js/home.js
ERR: 无法加载控制器:APP_NAME

[ 2015-01-30T16:14:23+08:00 ] ::1 /W3CAY/APP_NAME/Home/View/Public/CSS/home.css
ERR: 无法加载控制器:APP_NAME

[ 2015-01-30T16:14:23+08:00 ] ::1 /W3CAY/APP_NAME/Home/View/Public/Js/layout.js
ERR: 无法加载控制器:APP_NAME

[ 2015-01-30T16:19:30+08:00 ] ::1 /W3CAY/test
ERR: 无法加载控制器:Test

[ 2015-01-30T16:31:45+08:00 ] ::1 /W3CAY/index.php/Public/code
ERR: 无法加载控制器:Public

[ 2015-01-30T16:43:04+08:00 ] ::1 /W3CAY/index.php/Public/code
ERR: 无法加载控制器:Public

[ 2015-01-30T16:50:35+08:00 ] ::1 /W3CAY/index.php/Public/code
ERR: 无法加载控制器:Public

[ 2015-01-30T16:52:55+08:00 ] ::1 /W3CAY/index.php/Public/code
ERR: 无法加载控制器:Public

[ 2015-01-30T16:53:59+08:00 ] ::1 /W3CAY/index.php/Public/code
ERR: 无法加载控制器:Public

[ 2015-01-30T16:54:17+08:00 ] ::1 /W3CAY/index.php/Public/code
ERR: 无法加载控制器:Public

[ 2015-01-30T16:55:24+08:00 ] ::1 /W3CAY/index.php/Public/code
ERR: 无法加载控制器:Public

[ 2015-01-30T16:57:48+08:00 ] ::1 /W3CAY/index.php/Public/code
ERR: 无法加载控制器:Public

[ 2015-01-30T16:58:51+08:00 ] ::1 /W3CAY/index.php/Public/code
ERR: 无法加载控制器:Public

[ 2015-01-30T16:58:54+08:00 ] ::1 /W3CAY/index.php/Public/code
ERR: 无法加载控制器:Public

[ 2015-01-30T16:59:50+08:00 ] ::1 /W3CAY/index.php/Public/code
ERR: 无法加载控制器:Public

[ 2015-01-30T17:00:19+08:00 ] ::1 /W3CAY/index.php/Public/code
ERR: 无法加载控制器:Public

[ 2015-01-30T17:00:35+08:00 ] ::1 /W3CAY/index.php/Public/code
ERR: 无法加载控制器:Public

[ 2015-01-30T17:01:01+08:00 ] ::1 /W3CAY/index.php/Public/code
ERR: 无法加载控制器:Public

[ 2015-01-30T17:01:14+08:00 ] ::1 /W3CAY/index.php/Public/code
ERR: 无法加载控制器:Public

[ 2015-01-30T17:01:37+08:00 ] ::1 /W3CAY/index.php/Public/code
ERR: 无法加载控制器:Public

[ 2015-01-30T17:02:24+08:00 ] ::1 /W3CAY/index.php/Public/code
ERR: 无法加载控制器:Public

[ 2015-01-30T17:02:35+08:00 ] ::1 /W3CAY/index.php/Public/code
ERR: 无法加载控制器:Public

[ 2015-01-30T17:02:45+08:00 ] ::1 /W3CAY/index.php/Public/code
ERR: 无法加载控制器:Public

[ 2015-01-30T17:03:01+08:00 ] ::1 /W3CAY/index.php/Public/code
ERR: 无法加载控制器:Public

[ 2015-01-30T17:05:21+08:00 ] ::1 /W3CAY/index.php/Public/code
ERR: 无法加载控制器:Public

[ 2015-01-30T17:07:11+08:00 ] ::1 /W3CAY/index.php/Public/code
ERR: 无法加载控制器:Public

[ 2015-01-30T17:08:00+08:00 ] ::1 /W3CAY/index.php/Public/code
ERR: 无法加载控制器:Public

[ 2015-01-30T17:08:18+08:00 ] ::1 /W3CAY/index.php/Public/code
ERR: 无法加载控制器:Public

[ 2015-01-30T17:08:35+08:00 ] ::1 /W3CAY/index.php/Public/code
ERR: 无法加载控制器:Public

[ 2015-01-30T17:09:29+08:00 ] ::1 /W3CAY/index.php/Public/code
ERR: 无法加载控制器:Public

[ 2015-01-30T17:10:25+08:00 ] ::1 /W3CAY/index.php/Public/code
ERR: 无法加载控制器:Public

[ 2015-01-30T17:10:57+08:00 ] ::1 /W3CAY/index.php/Public/code
ERR: 无法加载控制器:Public

[ 2015-01-30T17:11:17+08:00 ] ::1 /W3CAY/index.php/Public/code
ERR: 无法加载控制器:Public

[ 2015-01-30T17:11:46+08:00 ] ::1 /W3CAY/index.php/Public/code
ERR: 无法加载控制器:Public

[ 2015-01-30T17:12:09+08:00 ] ::1 /W3CAY/index.php/Public/code
ERR: 无法加载控制器:Public

[ 2015-01-30T17:12:18+08:00 ] ::1 /W3CAY/index.php/Public/code
ERR: 无法加载控制器:Public

[ 2015-01-30T17:12:24+08:00 ] ::1 /W3CAY/index.php/Public/code
ERR: 无法加载控制器:Public

[ 2015-01-30T17:12:45+08:00 ] ::1 /W3CAY/index.php/Public/code
ERR: 无法加载控制器:Public

[ 2015-01-30T17:12:58+08:00 ] ::1 /W3CAY/index.php/Public/code
ERR: 无法加载控制器:Public

[ 2015-01-30T17:13:56+08:00 ] ::1 /W3CAY/index.php/Public/code
ERR: 无法加载控制器:Public

[ 2015-01-30T17:14:15+08:00 ] ::1 /W3CAY/index.php/Public/code
ERR: 无法加载控制器:Public

[ 2015-01-30T17:14:42+08:00 ] ::1 /W3CAY/index.php/Public/code
ERR: 无法加载控制器:Public

[ 2015-01-30T17:14:50+08:00 ] ::1 /W3CAY/index.php/Public/code
ERR: 无法加载控制器:Public

[ 2015-01-30T17:16:26+08:00 ] ::1 /W3CAY/index.php/Public/code
ERR: 无法加载控制器:Public

[ 2015-01-30T17:16:42+08:00 ] ::1 /W3CAY/index.php/Public/code
ERR: 无法加载控制器:Public

[ 2015-01-30T17:17:38+08:00 ] ::1 /W3CAY/index.php/Public/code
ERR: 无法加载控制器:Public

[ 2015-01-30T17:17:59+08:00 ] ::1 /W3CAY/index.php/Public/code
ERR: 无法加载控制器:Public

[ 2015-01-30T17:18:14+08:00 ] ::1 /W3CAY/index.php/Public/code
ERR: 无法加载控制器:Public

[ 2015-01-30T17:18:56+08:00 ] ::1 /W3CAY/index.php/Public/code
ERR: 无法加载控制器:Public

[ 2015-01-30T17:19:03+08:00 ] ::1 /W3CAY/index.php/Public/code
ERR: 无法加载控制器:Public

[ 2015-01-30T17:19:54+08:00 ] ::1 /W3CAY/index.php/Public/code
ERR: 无法加载控制器:Public

[ 2015-01-30T17:20:34+08:00 ] ::1 /W3CAY/index.php/Public/code
ERR: 无法加载控制器:Public

[ 2015-01-30T17:20:48+08:00 ] ::1 /W3CAY/index.php/Public/code
ERR: 无法加载控制器:Public

[ 2015-01-30T17:21:10+08:00 ] ::1 /W3CAY/index.php/Public/code
ERR: 无法加载控制器:Public

[ 2015-01-30T17:21:17+08:00 ] ::1 /W3CAY/index.php/Public/code
ERR: 无法加载控制器:Public

[ 2015-01-30T17:21:28+08:00 ] ::1 /W3CAY/index.php/Public/code
ERR: 无法加载控制器:Public

[ 2015-01-30T17:21:34+08:00 ] ::1 /W3CAY/index.php/Public/code
ERR: 无法加载控制器:Public

[ 2015-01-30T17:21:51+08:00 ] ::1 /W3CAY/index.php/Public/code
ERR: 无法加载控制器:Public

[ 2015-01-30T17:52:25+08:00 ] ::1 /W3CAY/index.php/Public/code
ERR: 无法加载控制器:Public

[ 2015-01-30T17:52:32+08:00 ] ::1 /W3CAY/index.php/Public/code
ERR: 无法加载控制器:Public

[ 2015-01-30T17:52:41+08:00 ] ::1 /W3CAY/index.php/Public/code
ERR: 无法加载控制器:Public

[ 2015-01-30T17:53:11+08:00 ] ::1 /W3CAY/index.php/Public/code
ERR: 无法加载控制器:Public

[ 2015-01-30T17:53:19+08:00 ] ::1 /W3CAY/index.php/Public/code
ERR: 无法加载控制器:Public

[ 2015-01-30T17:53:30+08:00 ] ::1 /W3CAY/index.php/Public/code
ERR: 无法加载控制器:Public

[ 2015-01-30T17:53:50+08:00 ] ::1 /W3CAY/index.php/Public/code
ERR: 无法加载控制器:Public

[ 2015-01-30T17:53:59+08:00 ] ::1 /W3CAY/index.php/Public/code
ERR: 无法加载控制器:Public

[ 2015-01-30T17:54:07+08:00 ] ::1 /W3CAY/index.php/Public/code
ERR: 无法加载控制器:Public

[ 2015-01-30T17:54:14+08:00 ] ::1 /W3CAY/index.php/Public/code
ERR: 无法加载控制器:Public

[ 2015-01-30T17:54:31+08:00 ] ::1 /W3CAY/index.php/Public/code
ERR: 无法加载控制器:Public

[ 2015-01-30T17:54:56+08:00 ] ::1 /W3CAY/index.php/Public/code
ERR: 无法加载控制器:Public

[ 2015-01-30T17:55:29+08:00 ] ::1 /W3CAY/index.php/Public/code
ERR: 无法加载控制器:Public

[ 2015-01-30T17:55:50+08:00 ] ::1 /W3CAY/index.php/Public/code
ERR: 无法加载控制器:Public

[ 2015-01-30T17:55:57+08:00 ] ::1 /W3CAY/index.php/Public/code
ERR: 无法加载控制器:Public

[ 2015-01-30T17:56:06+08:00 ] ::1 /W3CAY/index.php/Public/code
ERR: 无法加载控制器:Public

[ 2015-01-30T17:56:17+08:00 ] ::1 /W3CAY/index.php/Public/code
ERR: 无法加载控制器:Public

[ 2015-01-30T17:56:24+08:00 ] ::1 /W3CAY/index.php/Public/code
ERR: 无法加载控制器:Public

[ 2015-01-30T17:56:31+08:00 ] ::1 /W3CAY/index.php/Public/code
ERR: 无法加载控制器:Public

[ 2015-01-30T17:56:53+08:00 ] ::1 /W3CAY/index.php/Public/code
ERR: 无法加载控制器:Public

[ 2015-01-30T17:57:44+08:00 ] ::1 /W3CAY/index.php/Public/code
ERR: 无法加载控制器:Public

[ 2015-01-30T17:59:08+08:00 ] ::1 /W3CAY/index.php/Public/code
ERR: 无法加载控制器:Public

[ 2015-01-30T17:59:21+08:00 ] ::1 /W3CAY/index.php/Public/code
ERR: 无法加载控制器:Public

[ 2015-01-30T17:59:29+08:00 ] ::1 /W3CAY/index.php/Public/code
ERR: 无法加载控制器:Public

[ 2015-01-30T17:59:41+08:00 ] ::1 /W3CAY/index.php/Public/code
ERR: 无法加载控制器:Public

[ 2015-01-30T17:59:54+08:00 ] ::1 /W3CAY/index.php/Public/code
ERR: 无法加载控制器:Public

[ 2015-01-30T18:00:00+08:00 ] ::1 /W3CAY/index.php/Public/code
ERR: 无法加载控制器:Public

[ 2015-01-30T18:00:13+08:00 ] ::1 /W3CAY/index.php/Public/code
ERR: 无法加载控制器:Public

[ 2015-01-30T18:00:23+08:00 ] ::1 /W3CAY/index.php/Public/code
ERR: 无法加载控制器:Public

[ 2015-01-30T18:00:37+08:00 ] ::1 /W3CAY/index.php/Public/code
ERR: 无法加载控制器:Public

[ 2015-01-30T18:01:08+08:00 ] ::1 /W3CAY/index.php/Public/code
ERR: 无法加载控制器:Public

[ 2015-01-30T18:01:18+08:00 ] ::1 /W3CAY/index.php/Public/code
ERR: 无法加载控制器:Public

[ 2015-01-30T18:01:28+08:00 ] ::1 /W3CAY/index.php/Public/code
ERR: 无法加载控制器:Public

[ 2015-01-30T18:01:34+08:00 ] ::1 /W3CAY/index.php/Public/code
ERR: 无法加载控制器:Public

[ 2015-01-30T18:01:39+08:00 ] ::1 /W3CAY/index.php/Public/code
ERR: 无法加载控制器:Public

[ 2015-01-30T18:02:04+08:00 ] ::1 /W3CAY/index.php/Public/code
ERR: 无法加载控制器:Public

[ 2015-01-30T18:02:12+08:00 ] ::1 /W3CAY/index.php/Public/code
ERR: 无法加载控制器:Public

[ 2015-01-30T18:55:28+08:00 ] ::1 /W3CAY/index.php/Public/code
ERR: 无法加载控制器:Public

[ 2015-01-30T18:56:23+08:00 ] ::1 /W3CAY/index.php/Public/code
ERR: 无法加载控制器:Public

[ 2015-01-30T18:57:10+08:00 ] ::1 /W3CAY/index.php/Public/code
ERR: 无法加载控制器:Public

[ 2015-01-30T18:57:28+08:00 ] ::1 /W3CAY/index.php/Public/code
ERR: 无法加载控制器:Public

[ 2015-01-30T18:58:00+08:00 ] ::1 /W3CAY/index.php/Public/code
ERR: 无法加载控制器:Public

[ 2015-01-30T18:58:09+08:00 ] ::1 /W3CAY/index.php/Public/code
ERR: 无法加载控制器:Public

[ 2015-01-30T18:58:15+08:00 ] ::1 /W3CAY/index.php/Public/code
ERR: 无法加载控制器:Public

[ 2015-01-30T18:58:32+08:00 ] ::1 /W3CAY/index.php/Public/code
ERR: 无法加载控制器:Public

[ 2015-01-30T18:59:00+08:00 ] ::1 /W3CAY/index.php/Public/code
ERR: 无法加载控制器:Public

[ 2015-01-30T18:59:13+08:00 ] ::1 /W3CAY/index.php/Public/code
ERR: 无法加载控制器:Public

[ 2015-01-30T18:59:32+08:00 ] ::1 /W3CAY/index.php/Public/code
ERR: 无法加载控制器:Public

[ 2015-01-30T19:01:29+08:00 ] ::1 /W3CAY/index.php/Public/code
ERR: 无法加载控制器:Public

[ 2015-01-30T19:01:37+08:00 ] ::1 /W3CAY/index.php/Public/code
ERR: 无法加载控制器:Public

[ 2015-01-30T19:02:55+08:00 ] ::1 /W3CAY/index.php/Public/code
ERR: 无法加载控制器:Public

[ 2015-01-30T19:03:26+08:00 ] ::1 /W3CAY/index.php/Public/code
ERR: 无法加载控制器:Public

[ 2015-01-30T19:03:50+08:00 ] ::1 /W3CAY/index.php/Public/code
ERR: 无法加载控制器:Public

[ 2015-01-30T19:04:24+08:00 ] ::1 /W3CAY/index.php/Public/code
ERR: 无法加载控制器:Public

[ 2015-01-30T19:04:51+08:00 ] ::1 /W3CAY/index.php/Public/code
ERR: 无法加载控制器:Public

[ 2015-01-30T19:04:57+08:00 ] ::1 /W3CAY/index.php/Public/code
ERR: 无法加载控制器:Public

[ 2015-01-30T19:05:02+08:00 ] ::1 /W3CAY/index.php/Public/code
ERR: 无法加载控制器:Public

[ 2015-01-30T19:05:34+08:00 ] ::1 /W3CAY/index.php/Public/code
ERR: 无法加载控制器:Public

[ 2015-01-30T19:05:42+08:00 ] ::1 /W3CAY/index.php/Public/code
ERR: 无法加载控制器:Public

[ 2015-01-30T19:05:49+08:00 ] ::1 /W3CAY/index.php/Public/code
ERR: 无法加载控制器:Public

[ 2015-01-30T19:06:08+08:00 ] ::1 /W3CAY/index.php/Public/code
ERR: 无法加载控制器:Public

[ 2015-01-30T19:06:20+08:00 ] ::1 /W3CAY/index.php/Public/code
ERR: 无法加载控制器:Public

[ 2015-01-30T19:06:35+08:00 ] ::1 /W3CAY/index.php/Public/code
ERR: 无法加载控制器:Public

[ 2015-01-30T19:07:27+08:00 ] ::1 /W3CAY/index.php/Public/code
ERR: 无法加载控制器:Public

[ 2015-01-30T19:11:48+08:00 ] ::1 /W3CAY/index.php/Public/code?function%20random()%20{%20[native%20code]%20}
ERR: 无法加载控制器:Public

[ 2015-01-30T19:14:05+08:00 ] ::1 /W3CAY/index.php/Public/code
ERR: 无法加载控制器:Public

[ 2015-01-30T19:14:33+08:00 ] ::1 /W3CAY/index.php/Public/code
ERR: 无法加载控制器:Public

[ 2015-01-30T19:14:56+08:00 ] ::1 /W3CAY/index.php/Public/code
ERR: 无法加载控制器:Public

[ 2015-01-30T19:15:46+08:00 ] ::1 /W3CAY/index.php/Public/code
ERR: 无法加载控制器:Public

[ 2015-01-30T19:15:52+08:00 ] ::1 /W3CAY/index.php/Public/code
ERR: 无法加载控制器:Public

[ 2015-01-30T19:16:43+08:00 ] ::1 /W3CAY/index.php/Public/code
ERR: 无法加载控制器:Public

[ 2015-01-30T19:16:52+08:00 ] ::1 /W3CAY/index.php/Public/code
ERR: 无法加载控制器:Public

[ 2015-01-30T19:17:07+08:00 ] ::1 /W3CAY/index.php/Public/code
ERR: 无法加载控制器:Public

[ 2015-01-30T19:17:34+08:00 ] ::1 /W3CAY/index.php/Public/code
ERR: 无法加载控制器:Public

[ 2015-01-30T19:17:52+08:00 ] ::1 /W3CAY/index.php/Public/code
ERR: 无法加载控制器:Public

[ 2015-01-30T19:18:11+08:00 ] ::1 /W3CAY/index.php/Public/code
ERR: 无法加载控制器:Public

[ 2015-01-30T19:22:40+08:00 ] ::1 /W3CAY/index.php/Public/code
ERR: 无法加载控制器:Public

[ 2015-01-30T19:23:35+08:00 ] ::1 /W3CAY/index.php/Public/code
ERR: 无法加载控制器:Public

[ 2015-01-30T19:23:43+08:00 ] ::1 /W3CAY/index.php/Public/code
ERR: 无法加载控制器:Public

[ 2015-01-30T19:24:20+08:00 ] ::1 /W3CAY/index.php/Public/code
ERR: 无法加载控制器:Public

[ 2015-01-30T19:24:28+08:00 ] ::1 /W3CAY/index.php/Public/code
ERR: 无法加载控制器:Public

[ 2015-01-30T19:24:53+08:00 ] ::1 /W3CAY/index.php/Public/code
ERR: 无法加载控制器:Public

[ 2015-01-30T19:25:00+08:00 ] ::1 /W3CAY/index.php/Public/code
ERR: 无法加载控制器:Public

[ 2015-01-30T19:25:05+08:00 ] ::1 /W3CAY/index.php/Public/code
ERR: 无法加载控制器:Public

[ 2015-01-30T19:26:23+08:00 ] ::1 /W3CAY/index.php/Public/code
ERR: 无法加载控制器:Public

[ 2015-01-30T19:26:32+08:00 ] ::1 /W3CAY/index.php/Public/code
ERR: 无法加载控制器:Public

[ 2015-01-30T19:27:07+08:00 ] ::1 /W3CAY/index.php/Public/code
ERR: 无法加载控制器:Public

[ 2015-01-30T19:28:13+08:00 ] ::1 /W3CAY/index.php/Public/code
ERR: 无法加载控制器:Public

[ 2015-01-30T19:28:22+08:00 ] ::1 /W3CAY/index.php/Public/code
ERR: 无法加载控制器:Public

[ 2015-01-30T19:31:09+08:00 ] ::1 /W3CAY/index.php/Public/code
ERR: 无法加载控制器:Public

[ 2015-01-30T19:31:17+08:00 ] ::1 /W3CAY/index.php/Public/code
ERR: 无法加载控制器:Public

[ 2015-01-30T19:31:29+08:00 ] ::1 /W3CAY/index.php/Public/code
ERR: 无法加载控制器:Public

[ 2015-01-30T19:31:48+08:00 ] ::1 /W3CAY/index.php/Public/code
ERR: 无法加载控制器:Public

[ 2015-01-30T19:36:37+08:00 ] ::1 /W3CAY/index.php/Public/code
ERR: 无法加载控制器:Public

[ 2015-01-30T19:38:38+08:00 ] ::1 /W3CAY/index.php/Public/code
ERR: 无法加载控制器:Public

[ 2015-01-30T19:39:33+08:00 ] ::1 /W3CAY/index.php/Public/code
ERR: 无法加载控制器:Public

[ 2015-01-30T19:40:07+08:00 ] ::1 /W3CAY/index.php/Public/code
ERR: 无法加载控制器:Public

[ 2015-01-30T19:41:59+08:00 ] ::1 /W3CAY/index.php/Public/code
ERR: 无法加载控制器:Public

[ 2015-01-30T19:42:07+08:00 ] ::1 /W3CAY/index.php/Public/code
ERR: 无法加载控制器:Public

[ 2015-01-30T19:42:41+08:00 ] ::1 /W3CAY/index.php/Public/code
ERR: 无法加载控制器:Public

[ 2015-01-30T19:43:49+08:00 ] ::1 /W3CAY/index.php/Public/code
ERR: 无法加载控制器:Public

[ 2015-01-30T19:44:29+08:00 ] ::1 /W3CAY/index.php/Public/code
ERR: 无法加载控制器:Public

[ 2015-01-30T19:45:11+08:00 ] ::1 /W3CAY/index.php/Public/code
ERR: 无法加载控制器:Public

[ 2015-01-30T19:45:47+08:00 ] ::1 /W3CAY/index.php/Public/code
ERR: 无法加载控制器:Public

[ 2015-01-30T19:46:10+08:00 ] ::1 /W3CAY/index.php/Public/code
ERR: 无法加载控制器:Public

[ 2015-01-30T19:46:17+08:00 ] ::1 /W3CAY/index.php/Public/code
ERR: 无法加载控制器:Public

[ 2015-01-30T19:46:51+08:00 ] ::1 /W3CAY/index.php/Public/code
ERR: 无法加载控制器:Public

[ 2015-01-30T19:46:53+08:00 ] ::1 /W3CAY/index.php/Public/code
ERR: 无法加载控制器:Public

[ 2015-01-30T19:46:59+08:00 ] ::1 /W3CAY/index.php/Public/code
ERR: 无法加载控制器:Public

[ 2015-01-30T19:47:10+08:00 ] ::1 /W3CAY/index.php/Public/code
ERR: 无法加载控制器:Public

[ 2015-01-30T19:47:18+08:00 ] ::1 /W3CAY/index.php/Public/code
ERR: 无法加载控制器:Public

[ 2015-01-30T19:47:53+08:00 ] ::1 /W3CAY/index.php/Public/code
ERR: 无法加载控制器:Public

[ 2015-01-30T19:48:15+08:00 ] ::1 /W3CAY/index.php/Public/code
ERR: 无法加载控制器:Public

[ 2015-01-30T19:48:29+08:00 ] ::1 /W3CAY/index.php/Public/code
ERR: 无法加载控制器:Public

[ 2015-01-30T19:48:40+08:00 ] ::1 /W3CAY/index.php/Public/code
ERR: 无法加载控制器:Public

[ 2015-01-30T19:48:49+08:00 ] ::1 /W3CAY/index.php/Public/code
ERR: 无法加载控制器:Public

[ 2015-01-30T19:49:15+08:00 ] ::1 /W3CAY/index.php/Public/code
ERR: 无法加载控制器:Public

[ 2015-01-30T19:50:53+08:00 ] ::1 /W3CAY/index.php/Public/code
ERR: 无法加载控制器:Public

[ 2015-01-30T19:51:23+08:00 ] ::1 /W3CAY/index.php/Public/code
ERR: 无法加载控制器:Public

[ 2015-01-30T19:51:58+08:00 ] ::1 /W3CAY/index.php/Public/code
ERR: 无法加载控制器:Public

[ 2015-01-30T19:52:10+08:00 ] ::1 /W3CAY/index.php/Public/code
ERR: 无法加载控制器:Public

[ 2015-01-30T19:53:07+08:00 ] ::1 /W3CAY/index.php/Public/code
ERR: 无法加载控制器:Public

[ 2015-01-30T19:53:32+08:00 ] ::1 /W3CAY/index.php/Public/code
ERR: 无法加载控制器:Public

[ 2015-01-30T19:53:44+08:00 ] ::1 /W3CAY/index.php/Public/code
ERR: 无法加载控制器:Public

[ 2015-01-30T19:53:52+08:00 ] ::1 /W3CAY/index.php/Public/code
ERR: 无法加载控制器:Public

[ 2015-01-30T19:54:19+08:00 ] ::1 /W3CAY/index.php/Public/code
ERR: 无法加载控制器:Public

[ 2015-01-30T19:55:17+08:00 ] ::1 /W3CAY/index.php/Public/code
ERR: 无法加载控制器:Public

[ 2015-01-30T19:55:27+08:00 ] ::1 /W3CAY/index.php/Public/code
ERR: 无法加载控制器:Public

[ 2015-01-30T19:55:39+08:00 ] ::1 /W3CAY/index.php/Public/code
ERR: 无法加载控制器:Public

[ 2015-01-30T19:55:58+08:00 ] ::1 /W3CAY/index.php/Public/code
ERR: 无法加载控制器:Public

[ 2015-01-30T19:56:49+08:00 ] ::1 /W3CAY/index.php/Public/code
ERR: 无法加载控制器:Public

[ 2015-01-30T19:57:00+08:00 ] ::1 /W3CAY/index.php/Public/code
ERR: 无法加载控制器:Public

[ 2015-01-30T20:02:31+08:00 ] ::1 /W3CAY/index.php/Public/code
ERR: 无法加载控制器:Public

[ 2015-01-30T20:02:41+08:00 ] ::1 /W3CAY/index.php/Public/code
ERR: 无法加载控制器:Public

[ 2015-01-30T20:03:04+08:00 ] ::1 /W3CAY/index.php/Public/code
ERR: 无法加载控制器:Public

[ 2015-01-30T20:03:46+08:00 ] ::1 /W3CAY/index.php/Public/code
ERR: 无法加载控制器:Public

[ 2015-01-30T20:03:57+08:00 ] ::1 /W3CAY/index.php/Public/code
ERR: 无法加载控制器:Public

[ 2015-01-30T20:04:09+08:00 ] ::1 /W3CAY/index.php/Public/code
ERR: 无法加载控制器:Public

[ 2015-01-30T20:04:40+08:00 ] ::1 /W3CAY/index.php/Public/code
ERR: 无法加载控制器:Public

[ 2015-01-30T20:05:05+08:00 ] ::1 /W3CAY/index.php/Public/code
ERR: 无法加载控制器:Public

[ 2015-01-30T20:13:52+08:00 ] ::1 /W3CAY/index.php/Public/code
ERR: 无法加载控制器:Public

[ 2015-01-30T20:15:12+08:00 ] ::1 /W3CAY/index.php/Public/code
ERR: 无法加载控制器:Public

[ 2015-01-30T20:15:26+08:00 ] ::1 /W3CAY/index.php/Public/code
ERR: 无法加载控制器:Public

[ 2015-01-30T20:18:11+08:00 ] ::1 /W3CAY/index.php/Public/code
ERR: 无法加载控制器:Public

[ 2015-01-30T20:18:28+08:00 ] ::1 /W3CAY/index.php/Public/code
ERR: 无法加载控制器:Public

[ 2015-01-30T20:18:44+08:00 ] ::1 /W3CAY/index.php/Public/code
ERR: 无法加载控制器:Public

[ 2015-01-30T20:19:19+08:00 ] ::1 /W3CAY/index.php/Public/code
ERR: 无法加载控制器:Public

[ 2015-01-30T20:19:32+08:00 ] ::1 /W3CAY/index.php/Public/code
ERR: 无法加载控制器:Public

[ 2015-01-30T20:20:18+08:00 ] ::1 /W3CAY/index.php/Public/code
ERR: 无法加载控制器:Public

[ 2015-01-30T20:56:37+08:00 ] ::1 /W3CAY/index.php/Public/code
ERR: 无法加载控制器:Public

[ 2015-01-30T20:57:22+08:00 ] ::1 /W3CAY/index.php/Public/code
ERR: 无法加载控制器:Public

[ 2015-01-30T20:57:36+08:00 ] ::1 /W3CAY/index.php/Public/code
ERR: 无法加载控制器:Public

[ 2015-01-30T20:57:58+08:00 ] ::1 /W3CAY/index.php/Public/code
ERR: 无法加载控制器:Public

[ 2015-01-30T20:58:07+08:00 ] ::1 /W3CAY/index.php/Public/code
ERR: 无法加载控制器:Public

[ 2015-01-30T20:58:16+08:00 ] ::1 /W3CAY/index.php/Public/code
ERR: 无法加载控制器:Public

[ 2015-01-30T20:58:31+08:00 ] ::1 /W3CAY/index.php/Public/code
ERR: 无法加载控制器:Public

[ 2015-01-30T20:58:46+08:00 ] ::1 /W3CAY/index.php/Public/code
ERR: 无法加载控制器:Public

[ 2015-01-30T20:59:07+08:00 ] ::1 /W3CAY/index.php/Public/code
ERR: 无法加载控制器:Public

[ 2015-01-30T20:59:18+08:00 ] ::1 /W3CAY/index.php/Public/code
ERR: 无法加载控制器:Public

[ 2015-01-30T20:59:59+08:00 ] ::1 /W3CAY/index.php/Public/code
ERR: 无法加载控制器:Public

[ 2015-01-30T21:00:05+08:00 ] ::1 /W3CAY/index.php/Public/code
ERR: 无法加载控制器:Public

[ 2015-01-30T21:00:20+08:00 ] ::1 /W3CAY/index.php/Public/code
ERR: 无法加载控制器:Public

[ 2015-01-30T21:00:39+08:00 ] ::1 /W3CAY/index.php/Public/code
ERR: 无法加载控制器:Public

[ 2015-01-30T21:00:45+08:00 ] ::1 /W3CAY/index.php/Public/code
ERR: 无法加载控制器:Public

[ 2015-01-30T21:00:51+08:00 ] ::1 /W3CAY/index.php/Public/code
ERR: 无法加载控制器:Public

[ 2015-01-30T21:00:57+08:00 ] ::1 /W3CAY/index.php/Public/code
ERR: 无法加载控制器:Public

[ 2015-01-30T21:01:02+08:00 ] ::1 /W3CAY/index.php/Public/code
ERR: 无法加载控制器:Public

[ 2015-01-30T21:01:11+08:00 ] ::1 /W3CAY/index.php/Public/code
ERR: 无法加载控制器:Public

[ 2015-01-30T21:01:17+08:00 ] ::1 /W3CAY/index.php/Public/code
ERR: 无法加载控制器:Public

[ 2015-01-30T21:01:26+08:00 ] ::1 /W3CAY/index.php/Public/code
ERR: 无法加载控制器:Public

[ 2015-01-30T21:01:31+08:00 ] ::1 /W3CAY/index.php/Public/code
ERR: 无法加载控制器:Public

[ 2015-01-30T21:01:49+08:00 ] ::1 /W3CAY/index.php/Public/code
ERR: 无法加载控制器:Public

[ 2015-01-30T21:02:00+08:00 ] ::1 /W3CAY/index.php/Public/code
ERR: 无法加载控制器:Public

[ 2015-01-30T21:02:05+08:00 ] ::1 /W3CAY/index.php/Public/code
ERR: 无法加载控制器:Public

[ 2015-01-30T21:02:11+08:00 ] ::1 /W3CAY/index.php/Public/code
ERR: 无法加载控制器:Public

[ 2015-01-30T21:02:19+08:00 ] ::1 /W3CAY/index.php/Public/code
ERR: 无法加载控制器:Public

[ 2015-01-30T21:02:28+08:00 ] ::1 /W3CAY/index.php/Public/code
ERR: 无法加载控制器:Public

[ 2015-01-30T21:02:56+08:00 ] ::1 /W3CAY/index.php/Public/code
ERR: 无法加载控制器:Public

[ 2015-01-30T21:03:02+08:00 ] ::1 /W3CAY/index.php/Public/code
ERR: 无法加载控制器:Public

[ 2015-01-30T21:03:14+08:00 ] ::1 /W3CAY/index.php/Public/code
ERR: 无法加载控制器:Public

[ 2015-01-30T21:03:20+08:00 ] ::1 /W3CAY/index.php/Public/code
ERR: 无法加载控制器:Public

[ 2015-01-30T21:03:45+08:00 ] ::1 /W3CAY/index.php/Public/code
ERR: 无法加载控制器:Public

[ 2015-01-30T21:03:55+08:00 ] ::1 /W3CAY/index.php/Public/code
ERR: 无法加载控制器:Public

[ 2015-01-30T21:04:19+08:00 ] ::1 /W3CAY/index.php/Public/code
ERR: 无法加载控制器:Public

[ 2015-01-30T21:04:36+08:00 ] ::1 /W3CAY/index.php/Public/code
ERR: 无法加载控制器:Public

[ 2015-01-30T21:05:24+08:00 ] ::1 /W3CAY/index.php/Public/code
ERR: 无法加载控制器:Public

[ 2015-01-30T21:05:31+08:00 ] ::1 /W3CAY/index.php/Public/code
ERR: 无法加载控制器:Public

[ 2015-01-30T21:06:01+08:00 ] ::1 /W3CAY/index.php/Public/code
ERR: 无法加载控制器:Public

[ 2015-01-30T21:07:25+08:00 ] ::1 /W3CAY/index.php/Public/code
ERR: 无法加载控制器:Public

[ 2015-01-30T21:08:10+08:00 ] ::1 /W3CAY/index.php/Public/code
ERR: 无法加载控制器:Public

[ 2015-01-30T21:08:22+08:00 ] ::1 /W3CAY/index.php/Public/code
ERR: 无法加载控制器:Public

[ 2015-01-30T21:09:15+08:00 ] ::1 /W3CAY/index.php/Public/code
ERR: 无法加载控制器:Public

[ 2015-01-30T21:09:38+08:00 ] ::1 /W3CAY/index.php/Public/code
ERR: 无法加载控制器:Public

[ 2015-01-30T21:09:41+08:00 ] ::1 /W3CAY/index.php/Public/code
ERR: 无法加载控制器:Public

[ 2015-01-30T21:09:47+08:00 ] ::1 /W3CAY/index.php/Public/code
ERR: 无法加载控制器:Public

[ 2015-01-30T21:10:08+08:00 ] ::1 /W3CAY/index.php/Public/code
ERR: 无法加载控制器:Public

[ 2015-01-30T21:10:11+08:00 ] ::1 /W3CAY/index.php/Public/code
ERR: 无法加载控制器:Public

[ 2015-01-30T21:10:13+08:00 ] ::1 /W3CAY/index.php/Public/code
ERR: 无法加载控制器:Public

[ 2015-01-30T21:18:22+08:00 ] ::1 /W3CAY/index.php/Public/code
ERR: 无法加载控制器:Public

[ 2015-01-30T21:18:38+08:00 ] ::1 /W3CAY/index.php/Public/code
ERR: 无法加载控制器:Public

[ 2015-01-30T21:18:46+08:00 ] ::1 /W3CAY/index.php/Public/code
ERR: 无法加载控制器:Public

[ 2015-01-30T21:18:54+08:00 ] ::1 /W3CAY/index.php/Public/code
ERR: 无法加载控制器:Public

[ 2015-01-30T21:19:04+08:00 ] ::1 /W3CAY/index.php/Public/code
ERR: 无法加载控制器:Public

[ 2015-01-30T21:20:58+08:00 ] ::1 /W3CAY/index.php/Public/code
ERR: 无法加载控制器:Public

[ 2015-01-30T21:21:11+08:00 ] ::1 /W3CAY/index.php/Public/code
ERR: 无法加载控制器:Public

[ 2015-01-30T21:21:25+08:00 ] ::1 /W3CAY/index.php/Public/code
ERR: 无法加载控制器:Public

[ 2015-01-30T21:21:41+08:00 ] ::1 /W3CAY/index.php/Public/code
ERR: 无法加载控制器:Public

[ 2015-01-30T21:22:20+08:00 ] ::1 /W3CAY/index.php/Public/code
ERR: 无法加载控制器:Public

[ 2015-01-30T21:22:37+08:00 ] ::1 /W3CAY/index.php/Public/code
ERR: 无法加载控制器:Public

[ 2015-01-30T21:23:06+08:00 ] ::1 /W3CAY/index.php/Public/code
ERR: 无法加载控制器:Public

[ 2015-01-30T21:24:05+08:00 ] ::1 /W3CAY/index.php/Public/code
ERR: 无法加载控制器:Public

[ 2015-01-30T21:25:14+08:00 ] ::1 /W3CAY/index.php/Public/code
ERR: 无法加载控制器:Public

[ 2015-01-30T21:25:17+08:00 ] ::1 /W3CAY/index.php/Public/code
ERR: 无法加载控制器:Public

[ 2015-01-30T21:27:42+08:00 ] ::1 /W3CAY/index.php/Public/code
ERR: 无法加载控制器:Public

[ 2015-01-30T21:32:24+08:00 ] ::1 /W3CAY/index.php/Public/code
ERR: 无法加载控制器:Public

[ 2015-01-30T21:32:25+08:00 ] ::1 /W3CAY/index.php/Public/code
ERR: 无法加载控制器:Public

[ 2015-01-30T21:32:48+08:00 ] ::1 /W3CAY/index.php/Public/code
ERR: 无法加载控制器:Public

