[ 2015-02-06T12:10:57+08:00 ] ::1 /W3CAY/Public/Uediter/ueditor.all.js
ERR: 非法操作:Uediter

[ 2015-02-06T12:10:57+08:00 ] ::1 /W3CAY/Public/Uediter/ueditor.config.js
ERR: 非法操作:Uediter

[ 2015-02-06T12:11:04+08:00 ] ::1 /W3CAY/Public/Uediter/ueditor.config.js
ERR: 非法操作:Uediter

[ 2015-02-06T12:11:04+08:00 ] ::1 /W3CAY/Public/Uediter/ueditor.all.js
ERR: 非法操作:Uediter

[ 2015-02-06T12:11:06+08:00 ] ::1 /W3CAY/Public/Uediter/ueditor.all.js
ERR: 非法操作:Uediter

[ 2015-02-06T12:11:06+08:00 ] ::1 /W3CAY/Public/Uediter/ueditor.config.js
ERR: 非法操作:Uediter

[ 2015-02-06T12:12:15+08:00 ] ::1 /W3CAY/Public/Uediter/ueditor.config.js
ERR: 非法操作:Uediter

[ 2015-02-06T12:12:15+08:00 ] ::1 /W3CAY/Public/Uediter/ueditor.all.js
ERR: 非法操作:Uediter

[ 2015-02-06T12:12:18+08:00 ] ::1 /W3CAY/Public/Uediter/ueditor.all.js
ERR: 非法操作:Uediter

[ 2015-02-06T12:12:18+08:00 ] ::1 /W3CAY/Public/Uediter/ueditor.config.js
ERR: 非法操作:Uediter

[ 2015-02-06T12:12:37+08:00 ] ::1 /W3CAY/Public/Uediter/ueditor.all.js
ERR: 非法操作:Uediter

[ 2015-02-06T12:12:37+08:00 ] ::1 /W3CAY/Public/Uediter/ueditor.config.js
ERR: 非法操作:Uediter

[ 2015-02-06T12:12:40+08:00 ] ::1 /W3CAY/Public/Uediter/ueditor.config.js
ERR: 非法操作:Uediter

[ 2015-02-06T12:12:40+08:00 ] ::1 /W3CAY/Public/Uediter/ueditor.all.js
ERR: 非法操作:Uediter

[ 2015-02-06T12:12:41+08:00 ] ::1 /W3CAY/Public/Uediter/ueditor.config.js
ERR: 非法操作:Uediter

[ 2015-02-06T12:12:42+08:00 ] ::1 /W3CAY/Public/Uediter/ueditor.all.js
ERR: 非法操作:Uediter

[ 2015-02-06T12:12:43+08:00 ] ::1 /W3CAY/Public/Uediter/ueditor.all.js
ERR: 非法操作:Uediter

[ 2015-02-06T12:12:43+08:00 ] ::1 /W3CAY/Public/Uediter/ueditor.config.js
ERR: 非法操作:Uediter

[ 2015-02-06T12:12:44+08:00 ] ::1 /W3CAY/Public/Uediter/ueditor.all.js
ERR: 非法操作:Uediter

[ 2015-02-06T12:12:44+08:00 ] ::1 /W3CAY/Public/Uediter/ueditor.config.js
ERR: 非法操作:Uediter

[ 2015-02-06T12:34:16+08:00 ] ::1 /W3CAY/Public/Uediter/ueditor.all.js
ERR: 非法操作:Uediter

[ 2015-02-06T12:34:59+08:00 ] ::1 /W3CAY/Public/Uediter/ueditor.all.js
ERR: 非法操作:Uediter

[ 2015-02-06T12:35:07+08:00 ] ::1 /W3CAY/Public/Uediter/ueditor.all.js
ERR: 非法操作:Uediter

[ 2015-02-06T12:35:48+08:00 ] ::1 /W3CAY/Public/Uediter/ueditor.all.js
ERR: 非法操作:Uediter

[ 2015-02-06T12:35:58+08:00 ] ::1 /W3CAY/Public/Uediter/ueditor.all.js
ERR: 非法操作:Uediter

[ 2015-02-06T12:36:01+08:00 ] ::1 /W3CAY/Public/Uediter/ueditor.all.js
ERR: 非法操作:Uediter

[ 2015-02-06T12:36:09+08:00 ] ::1 /W3CAY/Public/Uediter/ueditor.all.js
ERR: 非法操作:Uediter

[ 2015-02-06T12:36:14+08:00 ] ::1 /W3CAY/Public/Uediter/ueditor.all.js
ERR: 非法操作:Uediter

[ 2015-02-06T12:36:16+08:00 ] ::1 /W3CAY/Public/Uediter/ueditor.all.js
ERR: 非法操作:Uediter

[ 2015-02-06T12:38:45+08:00 ] ::1 /W3CAY/Public/Uediter/ueditor.config.js
ERR: 非法操作:Uediter

[ 2015-02-06T12:39:04+08:00 ] ::1 /W3CAY/Public/Uediter/ueditor.config.js
ERR: 非法操作:Uediter

[ 2015-02-06T12:39:37+08:00 ] ::1 /W3CAY/Public/Uediter/ueditor.config.js
ERR: 非法操作:Uediter

[ 2015-02-06T12:39:37+08:00 ] ::1 /W3CAY/Public/Uediter/ueditor.all.js
ERR: 非法操作:Uediter

[ 2015-02-06T12:52:08+08:00 ] ::1 /W3CAY/Public/Uediter/ueditor.all.js
ERR: 非法操作:Uediter

[ 2015-02-06T12:52:08+08:00 ] ::1 /W3CAY/Public/Uediter/ueditor.config.js
ERR: 非法操作:Uediter

[ 2015-02-06T12:52:16+08:00 ] ::1 /W3CAY/Public/Uediter/ueditor.config.js
ERR: 非法操作:Uediter

[ 2015-02-06T12:52:33+08:00 ] ::1 /W3CAY/Public/Uediter/ueditor.all.js
ERR: 非法操作:Uediter

[ 2015-02-06T13:09:42+08:00 ] ::1 /W3CAY/Public/Uediter/ueditor.all.min.js
ERR: 非法操作:Uediter

[ 2015-02-06T13:09:42+08:00 ] ::1 /W3CAY/Public/Uediter/ueditor.config.js
ERR: 非法操作:Uediter

[ 2015-02-06T13:09:50+08:00 ] ::1 /W3CAY/Public/Uediter/ueditor.config.js
ERR: 非法操作:Uediter

[ 2015-02-06T13:09:50+08:00 ] ::1 /W3CAY/Public/Uediter/ueditor.all.min.js
ERR: 非法操作:Uediter

[ 2015-02-06T13:09:54+08:00 ] ::1 /W3CAY/Public/Uediter/ueditor.all.min.js
ERR: 非法操作:Uediter

[ 2015-02-06T13:09:54+08:00 ] ::1 /W3CAY/Public/Uediter/ueditor.config.js
ERR: 非法操作:Uediter

[ 2015-02-06T13:15:00+08:00 ] ::1 /W3CAY/Public/Uediter/ueditor.config.js
ERR: 非法操作:Uediter

[ 2015-02-06T13:15:00+08:00 ] ::1 /W3CAY/Public/Uediter/ueditor.all.js
ERR: 非法操作:Uediter

[ 2015-02-06T13:15:06+08:00 ] ::1 /W3CAY/Public/Uediter/ueditor.config.js
ERR: 非法操作:Uediter

[ 2015-02-06T13:16:20+08:00 ] ::1 /W3CAY/Public/uediter/ueditor.config.js
ERR: 非法操作:uediter

[ 2015-02-06T13:16:29+08:00 ] ::1 /W3CAY/Public/uediter/ueditor.config.js
ERR: 非法操作:uediter

[ 2015-02-06T13:16:29+08:00 ] ::1 /W3CAY/Public/uediter/ueditor.all.js
ERR: 非法操作:uediter

[ 2015-02-06T13:16:30+08:00 ] ::1 /W3CAY/Public/uediter/ueditor.all.js
ERR: 非法操作:uediter

[ 2015-02-06T13:16:30+08:00 ] ::1 /W3CAY/Public/uediter/ueditor.config.js
ERR: 非法操作:uediter

[ 2015-02-06T13:16:31+08:00 ] ::1 /W3CAY/Public/uediter/ueditor.config.js
ERR: 非法操作:uediter

[ 2015-02-06T13:16:31+08:00 ] ::1 /W3CAY/Public/uediter/ueditor.all.js
ERR: 非法操作:uediter

[ 2015-02-06T13:16:32+08:00 ] ::1 /W3CAY/Public/uediter/ueditor.all.js
ERR: 非法操作:uediter

[ 2015-02-06T13:16:32+08:00 ] ::1 /W3CAY/Public/uediter/ueditor.config.js
ERR: 非法操作:uediter

[ 2015-02-06T13:16:33+08:00 ] ::1 /W3CAY/Public/uediter/ueditor.config.js
ERR: 非法操作:uediter

[ 2015-02-06T13:16:33+08:00 ] ::1 /W3CAY/Public/uediter/ueditor.all.js
ERR: 非法操作:uediter

[ 2015-02-06T13:17:24+08:00 ] ::1 /W3CAY/Public/uediter/ueditor.all.js
ERR: 非法操作:uediter

[ 2015-02-06T13:17:24+08:00 ] ::1 /W3CAY/Public/uediter/ueditor.config.js
ERR: 非法操作:uediter

[ 2015-02-06T13:18:32+08:00 ] ::1 /W3CAY/Public/uediter/ueditor.config.js
ERR: 非法操作:uediter

[ 2015-02-06T13:18:33+08:00 ] ::1 /W3CAY/Public/uediter/ueditor.all.js
ERR: 非法操作:uediter

[ 2015-02-06T13:19:29+08:00 ] ::1 /W3CAY/Public/uediter/ueditor.config.js
ERR: 非法操作:uediter

[ 2015-02-06T13:19:29+08:00 ] ::1 /W3CAY/Public/uediter/ueditor.all.js
ERR: 非法操作:uediter

[ 2015-02-06T13:25:41+08:00 ] ::1 /W3CAY/Public/uediter/ueditor.config.js
ERR: 非法操作:uediter

[ 2015-02-06T13:25:41+08:00 ] ::1 /W3CAY/Public/uediter/ueditor.all.js
ERR: 非法操作:uediter

[ 2015-02-06T13:25:48+08:00 ] ::1 /W3CAY/Public/uediter/ueditor.config.js
ERR: 非法操作:uediter

[ 2015-02-06T13:26:19+08:00 ] ::1 /W3CAY/Public/uediter/ueditor.all.js
ERR: 非法操作:uediter

[ 2015-02-06T13:28:44+08:00 ] ::1 /W3CAY/Public/uediter/ueditor.config.js
ERR: 非法操作:uediter

[ 2015-02-06T13:28:44+08:00 ] ::1 /W3CAY/Public/uediter/ueditor.all.js
ERR: 非法操作:uediter

[ 2015-02-06T13:28:45+08:00 ] ::1 /W3CAY/Public/uediter/ueditor.all.js
ERR: 非法操作:uediter

[ 2015-02-06T13:28:45+08:00 ] ::1 /W3CAY/Public/uediter/ueditor.config.js
ERR: 非法操作:uediter

[ 2015-02-06T13:28:46+08:00 ] ::1 /W3CAY/Public/uediter/ueditor.all.js
ERR: 非法操作:uediter

[ 2015-02-06T13:28:46+08:00 ] ::1 /W3CAY/Public/uediter/ueditor.config.js
ERR: 非法操作:uediter

[ 2015-02-06T13:28:47+08:00 ] ::1 /W3CAY/Public/uediter/ueditor.all.js
ERR: 非法操作:uediter

[ 2015-02-06T13:28:47+08:00 ] ::1 /W3CAY/Public/uediter/ueditor.config.js
ERR: 非法操作:uediter

[ 2015-02-06T13:28:48+08:00 ] ::1 /W3CAY/Public/uediter/ueditor.all.js
ERR: 非法操作:uediter

[ 2015-02-06T13:28:48+08:00 ] ::1 /W3CAY/Public/uediter/ueditor.config.js
ERR: 非法操作:uediter

[ 2015-02-06T13:28:49+08:00 ] ::1 /W3CAY/Public/uediter/ueditor.all.js
ERR: 非法操作:uediter

[ 2015-02-06T13:28:49+08:00 ] ::1 /W3CAY/Public/uediter/ueditor.config.js
ERR: 非法操作:uediter

[ 2015-02-06T13:28:50+08:00 ] ::1 /W3CAY/Public/uediter/ueditor.all.js
ERR: 非法操作:uediter

[ 2015-02-06T13:28:50+08:00 ] ::1 /W3CAY/Public/uediter/ueditor.config.js
ERR: 非法操作:uediter

[ 2015-02-06T13:28:50+08:00 ] ::1 /W3CAY/Public/uediter/ueditor.all.js
ERR: 非法操作:uediter

[ 2015-02-06T13:28:51+08:00 ] ::1 /W3CAY/Public/uediter/ueditor.config.js
ERR: 非法操作:uediter

[ 2015-02-06T13:30:42+08:00 ] ::1 /W3CAY/Index/ueditor.config.js
ERR: 非法操作:ueditor.config.js

[ 2015-02-06T13:30:42+08:00 ] ::1 /W3CAY/Index/ueditor.all.js
ERR: 非法操作:ueditor.all.js

[ 2015-02-06T13:31:31+08:00 ] ::1 /W3CAY/Index/ueditor.config.js
ERR: 非法操作:ueditor.config.js

[ 2015-02-06T13:31:31+08:00 ] ::1 /W3CAY/Index/ueditor.all.js
ERR: 非法操作:ueditor.all.js

[ 2015-02-06T13:33:31+08:00 ] ::1 /W3CAY/Publicueditor.config.js
ERR: 无法加载控制器:Publicueditor.config.js

[ 2015-02-06T13:33:31+08:00 ] ::1 /W3CAY/Index/undefinedthemes/default/css/ueditor.css
ERR: 非法操作:undefinedthemes

[ 2015-02-06T13:33:32+08:00 ] ::1 /W3CAY/Index/undefinedlang/zh-cn/zh-cn.js
ERR: 非法操作:undefinedlang

[ 2015-02-06T13:35:11+08:00 ] ::1 /W3CAY/Public/ueditor.config.js
ERR: 非法操作:ueditor.config.js

[ 2015-02-06T13:35:15+08:00 ] ::1 /W3CAY/Public/ueditor.config.js
ERR: 非法操作:ueditor.config.js

[ 2015-02-06T13:35:18+08:00 ] ::1 /W3CAY/Public/ueditor.config.js
ERR: 非法操作:ueditor.config.js

[ 2015-02-06T13:35:21+08:00 ] ::1 /W3CAY/Public/ueditor.config.js
ERR: 非法操作:ueditor.config.js

[ 2015-02-06T20:30:44+08:00 ] ::1 /W3CAY/Index/article
ERR: SQLSTATE[42000]: Syntax error or access violation: 1064 You have an error in your SQL syntax; check the manual that corresponds to your MySQL server version for the right syntax to use near ')' at line 1

[ 2015-02-06T20:56:23+08:00 ] ::1 /W3CAY/index.php/Home/Index/theme/topic/html.html
ERR: SQLSTATE[42000]: Syntax error or access violation: 1064 You have an error in your SQL syntax; check the manual that corresponds to your MySQL server version for the right syntax to use near ')' at line 1

[ 2015-02-06T21:10:16+08:00 ] ::1 /W3CAY/index.php/Home/Index/theme/c_id/9.html
ERR: SQLSTATE[42000]: Syntax error or access violation: 1064 You have an error in your SQL syntax; check the manual that corresponds to your MySQL server version for the right syntax to use near ')' at line 1

[ 2015-02-06T21:10:31+08:00 ] ::1 /W3CAY/index.php/Home/Index/theme/topic/html.html
ERR: SQLSTATE[42S22]: Column not found: 1054 Unknown column 'html' in 'where clause'

[ 2015-02-06T21:21:47+08:00 ] ::1 /W3CAY/index.php/Home/Index/theme/topic/html.html
ERR: SQLSTATE[42000]: Syntax error or access violation: 1064 You have an error in your SQL syntax; check the manual that corresponds to your MySQL server version for the right syntax to use near ')' at line 1

[ 2015-02-06T21:21:53+08:00 ] ::1 /W3CAY/index.php/Home/Index/theme/topic/php.html
ERR: SQLSTATE[42000]: Syntax error or access violation: 1064 You have an error in your SQL syntax; check the manual that corresponds to your MySQL server version for the right syntax to use near ')' at line 1

[ 2015-02-06T21:22:18+08:00 ] ::1 /W3CAY/index.php/Home/Index/theme/topic/php.html
ERR: SQLSTATE[42000]: Syntax error or access violation: 1064 You have an error in your SQL syntax; check the manual that corresponds to your MySQL server version for the right syntax to use near ')' at line 1

