[ 2015-02-07T10:38:50+08:00 ] ::1 /W3CAY/index.php/Article/index/a_id/9
ERR: 无法加载控制器:Article

[ 2015-02-07T12:44:55+08:00 ] ::1 /W3CAY/Public/uediter/third-party/SyntaxHighlighter/shCoreDefault.css
ERR: 非法操作:uediter

[ 2015-02-07T12:45:25+08:00 ] ::1 /W3CAY/Public/uediter/third-party/SyntaxHighlighter/shCore.js
ERR: 非法操作:uediter

[ 2015-02-07T12:45:25+08:00 ] ::1 /W3CAY/Public/uediter/third-party/SyntaxHighlighter/shCoreDefault.css
ERR: 非法操作:uediter

[ 2015-02-07T12:46:17+08:00 ] ::1 /W3CAY/Public/uediter/third-party/SyntaxHighlighter/shCore.js
ERR: 非法操作:uediter

[ 2015-02-07T12:46:17+08:00 ] ::1 /W3CAY/Public/uediter/third-party/SyntaxHighlighter/shCoreDefault.css
ERR: 非法操作:uediter

[ 2015-02-07T12:46:28+08:00 ] ::1 /W3CAY/Public/uediter/third-party/SyntaxHighlighter/shCoreDefault.css
ERR: 非法操作:uediter

[ 2015-02-07T12:46:28+08:00 ] ::1 /W3CAY/Public/uediter/third-party/SyntaxHighlighter/shCore.js
ERR: 非法操作:uediter

[ 2015-02-07T12:47:00+08:00 ] ::1 /W3CAY/Public/uediter/third-party/SyntaxHighlighter/shCore.js
ERR: 非法操作:uediter

[ 2015-02-07T12:47:09+08:00 ] ::1 /W3CAY/Public/uediter/third-party/SyntaxHighlighter/shCoreDefault.css
ERR: 非法操作:uediter

[ 2015-02-07T12:51:17+08:00 ] ::1 /W3CAY/index.php/Index/article/a_id/W3CAY/Public/ueditor/third-party/SyntaxHighlighter/shCoreDefault.css
ERR: SQLSTATE[42S22]: Column not found: 1054 Unknown column 'W3CAY' in 'where clause'

[ 2015-02-07T12:51:17+08:00 ] ::1 /W3CAY/index.php/Index/article/a_id/W3CAY/Public/ueditor/third-party/SyntaxHighlighter/shCore.js
ERR: SQLSTATE[42S22]: Column not found: 1054 Unknown column 'W3CAY' in 'where clause'

[ 2015-02-07T18:04:28+08:00 ] ::1 /W3CAY/index.php/topic/9
ERR: SQLSTATE[42000]: Syntax error or access violation: 1064 You have an error in your SQL syntax; check the manual that corresponds to your MySQL server version for the right syntax to use near ') ORDER BY a_id DESC' at line 1

[ 2015-02-07T18:04:57+08:00 ] ::1 /W3CAY/index.php/topic/10
ERR: SQLSTATE[42000]: Syntax error or access violation: 1064 You have an error in your SQL syntax; check the manual that corresponds to your MySQL server version for the right syntax to use near ') ORDER BY a_id DESC' at line 1

[ 2015-02-07T18:05:03+08:00 ] ::1 /W3CAY/index.php/topic/2
ERR: SQLSTATE[42000]: Syntax error or access violation: 1064 You have an error in your SQL syntax; check the manual that corresponds to your MySQL server version for the right syntax to use near ') ORDER BY a_id DESC' at line 1

[ 2015-02-07T18:06:41+08:00 ] ::1 /W3CAY/index.php/c_id/9
ERR: SQLSTATE[42000]: Syntax error or access violation: 1064 You have an error in your SQL syntax; check the manual that corresponds to your MySQL server version for the right syntax to use near ') ORDER BY a_id DESC' at line 1

[ 2015-02-07T18:06:48+08:00 ] ::1 /W3CAY/index.php/c_id/10
ERR: SQLSTATE[42000]: Syntax error or access violation: 1064 You have an error in your SQL syntax; check the manual that corresponds to your MySQL server version for the right syntax to use near ') ORDER BY a_id DESC' at line 1

[ 2015-02-07T18:06:52+08:00 ] ::1 /W3CAY/index.php/c_id/9
ERR: SQLSTATE[42000]: Syntax error or access violation: 1064 You have an error in your SQL syntax; check the manual that corresponds to your MySQL server version for the right syntax to use near ') ORDER BY a_id DESC' at line 1

[ 2015-02-07T18:08:04+08:00 ] ::1 /W3CAY/index.php/Index/teme
ERR: 非法操作:teme

[ 2015-02-07T18:10:53+08:00 ] ::1 /W3CAY/index.php/c_id/9
ERR: 无法加载控制器:C_id

[ 2015-02-07T18:28:24+08:00 ] ::1 /W3CAY/me
ERR: SQLSTATE[42S22]: Column not found: 1054 Unknown column 'me' in 'where clause'

[ 2015-02-07T18:28:34+08:00 ] ::1 /W3CAY/html
ERR: SQLSTATE[42S22]: Column not found: 1054 Unknown column 'html' in 'where clause'

[ 2015-02-07T18:29:21+08:00 ] ::1 /W3CAY/html
ERR: SQLSTATE[42S22]: Column not found: 1054 Unknown column 'html' in 'where clause'

[ 2015-02-07T18:29:32+08:00 ] ::1 /W3CAY/me
ERR: SQLSTATE[42S22]: Column not found: 1054 Unknown column 'me' in 'where clause'

[ 2015-02-07T18:32:08+08:00 ] ::1 /W3CAY/me
ERR: SQLSTATE[42S22]: Column not found: 1054 Unknown column 'me' in 'where clause'

[ 2015-02-07T18:32:40+08:00 ] ::1 /W3CAY/me
ERR: SQLSTATE[42S22]: Column not found: 1054 Unknown column 'me' in 'where clause'

[ 2015-02-07T18:34:01+08:00 ] ::1 /W3CAY/me
ERR: SQLSTATE[42S22]: Column not found: 1054 Unknown column 'me' in 'where clause'

[ 2015-02-07T18:34:02+08:00 ] ::1 /W3CAY/me
ERR: SQLSTATE[42S22]: Column not found: 1054 Unknown column 'me' in 'where clause'

[ 2015-02-07T18:34:04+08:00 ] ::1 /W3CAY/me
ERR: SQLSTATE[42S22]: Column not found: 1054 Unknown column 'me' in 'where clause'

[ 2015-02-07T18:34:05+08:00 ] ::1 /W3CAY/me
ERR: SQLSTATE[42S22]: Column not found: 1054 Unknown column 'me' in 'where clause'

[ 2015-02-07T18:34:07+08:00 ] ::1 /W3CAY/me
ERR: SQLSTATE[42S22]: Column not found: 1054 Unknown column 'me' in 'where clause'

[ 2015-02-07T18:34:08+08:00 ] ::1 /W3CAY/me
ERR: SQLSTATE[42S22]: Column not found: 1054 Unknown column 'me' in 'where clause'

[ 2015-02-07T18:34:09+08:00 ] ::1 /W3CAY/me
ERR: SQLSTATE[42S22]: Column not found: 1054 Unknown column 'me' in 'where clause'

[ 2015-02-07T18:36:41+08:00 ] ::1 /W3CAY/me
ERR: SQLSTATE[42S22]: Column not found: 1054 Unknown column 'me' in 'where clause'

[ 2015-02-07T18:36:46+08:00 ] ::1 /W3CAY/theme
ERR: SQLSTATE[42S22]: Column not found: 1054 Unknown column 'theme' in 'where clause'

[ 2015-02-07T18:40:55+08:00 ] ::1 /W3CAY/me
ERR: SQLSTATE[42S22]: Column not found: 1054 Unknown column 'me' in 'where clause'

[ 2015-02-07T18:43:52+08:00 ] ::1 /W3CAY/9
ERR: SQLSTATE[42000]: Syntax error or access violation: 1064 You have an error in your SQL syntax; check the manual that corresponds to your MySQL server version for the right syntax to use near ') ORDER BY Article.a_id DESC' at line 1

[ 2015-02-07T18:44:27+08:00 ] ::1 /W3CAY/9
ERR: SQLSTATE[23000]: Integrity constraint violation: 1052 Column 'c_id' in where clause is ambiguous

[ 2015-02-07T18:44:35+08:00 ] ::1 /W3CAY/10
ERR: SQLSTATE[23000]: Integrity constraint violation: 1052 Column 'c_id' in where clause is ambiguous

[ 2015-02-07T18:45:36+08:00 ] ::1 /W3CAY/10
ERR: SQLSTATE[23000]: Integrity constraint violation: 1052 Column 'c_id' in where clause is ambiguous

[ 2015-02-07T18:45:43+08:00 ] ::1 /W3CAY/10
ERR: SQLSTATE[23000]: Integrity constraint violation: 1052 Column 'c_id' in where clause is ambiguous

[ 2015-02-07T18:47:39+08:00 ] ::1 /W3CAY/cay_admin
ERR: SQLSTATE[42S22]: Column not found: 1054 Unknown column 'cay_admin' in 'where clause'

[ 2015-02-07T18:47:48+08:00 ] ::1 /W3CAY/cay_admin
ERR: SQLSTATE[42S22]: Column not found: 1054 Unknown column 'cay_admin' in 'where clause'

[ 2015-02-07T18:49:24+08:00 ] ::1 /W3CAY/index.php/Index/article/a_id/31
ERR: SQLSTATE[42000]: Syntax error or access violation: 1064 You have an error in your SQL syntax; check the manual that corresponds to your MySQL server version for the right syntax to use near 'Index ) ORDER BY a_id DESC' at line 1

[ 2015-02-07T18:49:38+08:00 ] ::1 /W3CAY/cay_admin
ERR: SQLSTATE[42S22]: Column not found: 1054 Unknown column 'cay_admin' in 'where clause'

[ 2015-02-07T18:50:08+08:00 ] ::1 /W3CAY/ADMIN
ERR: SQLSTATE[42S22]: Column not found: 1054 Unknown column 'ADMIN' in 'where clause'

[ 2015-02-07T18:50:13+08:00 ] ::1 /W3CAY/admin
ERR: SQLSTATE[42S22]: Column not found: 1054 Unknown column 'admin' in 'where clause'

[ 2015-02-07T18:51:42+08:00 ] ::1 /W3CAY/index.php/Home/Index/theme/c_id/9.html
ERR: SQLSTATE[42000]: Syntax error or access violation: 1064 You have an error in your SQL syntax; check the manual that corresponds to your MySQL server version for the right syntax to use near 'Index ) ORDER BY a_id DESC' at line 1

[ 2015-02-07T18:52:04+08:00 ] ::1 /W3CAY/article/25
ERR: SQLSTATE[42S22]: Column not found: 1054 Unknown column 'article' in 'where clause'

[ 2015-02-07T18:52:51+08:00 ] ::1 /W3CAY/index.php/Home/Index/article/a_id/25.html
ERR: SQLSTATE[42000]: Syntax error or access violation: 1064 You have an error in your SQL syntax; check the manual that corresponds to your MySQL server version for the right syntax to use near 'Index ) ORDER BY a_id DESC' at line 1

[ 2015-02-07T18:53:23+08:00 ] ::1 /W3CAY/article/24
ERR: SQLSTATE[42S22]: Column not found: 1054 Unknown column 'article' in 'where clause'

[ 2015-02-07T18:53:33+08:00 ] ::1 /W3CAY/article/36
ERR: SQLSTATE[42S22]: Column not found: 1054 Unknown column 'article' in 'where clause'

[ 2015-02-07T18:54:26+08:00 ] ::1 /W3CAY/article/25
ERR: SQLSTATE[42S22]: Column not found: 1054 Unknown column 'article' in 'where clause'

[ 2015-02-07T18:54:29+08:00 ] ::1 /W3CAY/article/
ERR: SQLSTATE[42S22]: Column not found: 1054 Unknown column 'article' in 'where clause'

[ 2015-02-07T18:54:48+08:00 ] ::1 /W3CAY/article/25
ERR: SQLSTATE[42S22]: Column not found: 1054 Unknown column 'article' in 'where clause'

[ 2015-02-07T18:54:55+08:00 ] ::1 /W3CAY/article/25
ERR: SQLSTATE[42S22]: Column not found: 1054 Unknown column 'article' in 'where clause'

[ 2015-02-07T18:54:57+08:00 ] ::1 /W3CAY/article/25
ERR: SQLSTATE[42S22]: Column not found: 1054 Unknown column 'article' in 'where clause'

[ 2015-02-07T18:55:01+08:00 ] ::1 /W3CAY/article/25
ERR: SQLSTATE[42S22]: Column not found: 1054 Unknown column 'article' in 'where clause'

[ 2015-02-07T18:55:51+08:00 ] ::1 /W3CAY/article/25
ERR: SQLSTATE[42S22]: Column not found: 1054 Unknown column 'article' in 'where clause'

[ 2015-02-07T18:55:54+08:00 ] ::1 /W3CAY/article/25
ERR: SQLSTATE[42S22]: Column not found: 1054 Unknown column 'article' in 'where clause'

[ 2015-02-07T18:55:57+08:00 ] ::1 /W3CAY/article/
ERR: SQLSTATE[42S22]: Column not found: 1054 Unknown column 'article' in 'where clause'

[ 2015-02-07T18:55:58+08:00 ] ::1 /W3CAY/article/25
ERR: SQLSTATE[42S22]: Column not found: 1054 Unknown column 'article' in 'where clause'

[ 2015-02-07T18:55:58+08:00 ] ::1 /W3CAY/article/
ERR: SQLSTATE[42S22]: Column not found: 1054 Unknown column 'article' in 'where clause'

[ 2015-02-07T18:56:04+08:00 ] ::1 /W3CAY/Index
ERR: SQLSTATE[42000]: Syntax error or access violation: 1064 You have an error in your SQL syntax; check the manual that corresponds to your MySQL server version for the right syntax to use near 'Index ) ORDER BY a_id DESC' at line 1

[ 2015-02-07T18:57:06+08:00 ] ::1 /W3CAY/Index
ERR: SQLSTATE[42000]: Syntax error or access violation: 1064 You have an error in your SQL syntax; check the manual that corresponds to your MySQL server version for the right syntax to use near 'Index ) ORDER BY a_id DESC' at line 1

[ 2015-02-07T18:57:15+08:00 ] ::1 /W3CAY/article/25
ERR: SQLSTATE[42S22]: Column not found: 1054 Unknown column 'article' in 'where clause'

[ 2015-02-07T18:57:49+08:00 ] ::1 /W3CAY/article/25
ERR: SQLSTATE[42S22]: Column not found: 1054 Unknown column 'article' in 'where clause'

[ 2015-02-07T18:58:18+08:00 ] ::1 /W3CAY/article/25
ERR: SQLSTATE[42S22]: Column not found: 1054 Unknown column 'article' in 'where clause'

[ 2015-02-07T18:58:20+08:00 ] ::1 /W3CAY/article/25
ERR: SQLSTATE[42S22]: Column not found: 1054 Unknown column 'article' in 'where clause'

[ 2015-02-07T18:58:50+08:00 ] ::1 /W3CAY/article/25
ERR: SQLSTATE[42S22]: Column not found: 1054 Unknown column 'article' in 'where clause'

[ 2015-02-07T18:59:24+08:00 ] ::1 /W3CAY/index.php/Home/Index/theme/c_id/9.html
ERR: SQLSTATE[42000]: Syntax error or access violation: 1064 You have an error in your SQL syntax; check the manual that corresponds to your MySQL server version for the right syntax to use near 'Index ) ORDER BY a_id DESC' at line 1

[ 2015-02-07T18:59:53+08:00 ] ::1 /W3CAY/index.php/Home/Index/theme/c_id/9.html
ERR: SQLSTATE[42000]: Syntax error or access violation: 1064 You have an error in your SQL syntax; check the manual that corresponds to your MySQL server version for the right syntax to use near 'Index ) ORDER BY a_id DESC' at line 1

[ 2015-02-07T19:00:53+08:00 ] ::1 /W3CAY/article/25
ERR: SQLSTATE[42S22]: Column not found: 1054 Unknown column 'article' in 'where clause'

[ 2015-02-07T19:01:07+08:00 ] ::1 /W3CAY/article/25
ERR: SQLSTATE[42S22]: Column not found: 1054 Unknown column 'article' in 'where clause'

[ 2015-02-07T19:02:54+08:00 ] ::1 /W3CAY/index.php/Home/Index/article/a_id/25.html
ERR: SQLSTATE[42000]: Syntax error or access violation: 1064 You have an error in your SQL syntax; check the manual that corresponds to your MySQL server version for the right syntax to use near 'Index ) ORDER BY a_id DESC' at line 1

[ 2015-02-07T19:03:03+08:00 ] ::1 /W3CAY/article/25
ERR: SQLSTATE[42S22]: Column not found: 1054 Unknown column 'article' in 'where clause'

[ 2015-02-07T19:03:36+08:00 ] ::1 /W3CAY/article/25
ERR: SQLSTATE[42S22]: Column not found: 1054 Unknown column 'article' in 'where clause'

[ 2015-02-07T19:05:50+08:00 ] ::1 /W3CAY/topic/30
ERR: SQLSTATE[42S22]: Column not found: 1054 Unknown column 'topic' in 'where clause'

[ 2015-02-07T19:07:23+08:00 ] ::1 /W3CAY/index.php/Home/Index/theme/c_id/9.html
ERR: SQLSTATE[42000]: Syntax error or access violation: 1064 You have an error in your SQL syntax; check the manual that corresponds to your MySQL server version for the right syntax to use near 'Index ) ORDER BY a_id DESC' at line 1

[ 2015-02-07T19:07:52+08:00 ] ::1 /W3CAY/topic/9
ERR: SQLSTATE[42S22]: Column not found: 1054 Unknown column 'topic' in 'where clause'

[ 2015-02-07T19:08:14+08:00 ] ::1 /W3CAY/article
ERR: SQLSTATE[42S22]: Column not found: 1054 Unknown column 'article' in 'where clause'

[ 2015-02-07T19:11:01+08:00 ] ::1 /W3CAY/article/25
ERR: SQLSTATE[42S22]: Column not found: 1054 Unknown column 'article' in 'where clause'

[ 2015-02-07T19:17:05+08:00 ] ::1 /W3CAY/me
ERR: SQLSTATE[42S22]: Column not found: 1054 Unknown column 'me' in 'where clause'

[ 2015-02-07T19:17:17+08:00 ] ::1 /W3CAY/me
ERR: SQLSTATE[42S22]: Column not found: 1054 Unknown column 'me' in 'where clause'

[ 2015-02-07T19:17:23+08:00 ] ::1 /W3CAY/me
ERR: SQLSTATE[42S22]: Column not found: 1054 Unknown column 'me' in 'where clause'

[ 2015-02-07T19:17:28+08:00 ] ::1 /W3CAY/html
ERR: SQLSTATE[42S22]: Column not found: 1054 Unknown column 'html' in 'where clause'

[ 2015-02-07T19:33:59+08:00 ] ::1 /W3CAY/html
ERR: SQLSTATE[42S22]: Column not found: 1054 Unknown column 'html' in 'where clause'

[ 2015-02-07T19:34:11+08:00 ] ::1 /W3CAY/me
ERR: SQLSTATE[42S22]: Column not found: 1054 Unknown column 'me' in 'where clause'

[ 2015-02-07T19:35:13+08:00 ] ::1 /W3CAY/ds
ERR: SQLSTATE[42S22]: Column not found: 1054 Unknown column '$c_value' in 'where clause'

[ 2015-02-07T19:35:19+08:00 ] ::1 /W3CAY/me
ERR: SQLSTATE[42S22]: Column not found: 1054 Unknown column '$c_value' in 'where clause'

[ 2015-02-07T19:44:04+08:00 ] ::1 /W3CAY/Index/theme
ERR: SQLSTATE[42000]: Syntax error or access violation: 1064 You have an error in your SQL syntax; check the manual that corresponds to your MySQL server version for the right syntax to use near ')' at line 1

[ 2015-02-07T19:44:42+08:00 ] ::1 /W3CAY/Index/theme/c_value/me
ERR: SQLSTATE[42S22]: Column not found: 1054 Unknown column '$c_value' in 'where clause'

[ 2015-02-07T19:45:21+08:00 ] ::1 /W3CAY/Index/theme/c_value/me
ERR: SQLSTATE[42S22]: Column not found: 1054 Unknown column 'me' in 'where clause'

[ 2015-02-07T19:46:04+08:00 ] ::1 /W3CAY/Index/theme/c_id/9
ERR: SQLSTATE[42000]: Syntax error or access violation: 1064 You have an error in your SQL syntax; check the manual that corresponds to your MySQL server version for the right syntax to use near ')' at line 1

[ 2015-02-07T19:46:23+08:00 ] ::1 /W3CAY/Index/theme/c_id/9
ERR: SQLSTATE[42000]: Syntax error or access violation: 1064 You have an error in your SQL syntax; check the manual that corresponds to your MySQL server version for the right syntax to use near ')' at line 1

[ 2015-02-07T19:46:39+08:00 ] ::1 /W3CAY/Index/theme/c_id/9
ERR: SQLSTATE[42S22]: Column not found: 1054 Unknown column '$c_id' in 'where clause'

[ 2015-02-07T19:46:51+08:00 ] ::1 /W3CAY/Index/theme/c_id/9
ERR: SQLSTATE[42S22]: Column not found: 1054 Unknown column '$c_id' in 'where clause'

[ 2015-02-07T19:49:24+08:00 ] ::1 /W3CAY/Index/theme/c_id/9
ERR: SQLSTATE[42000]: Syntax error or access violation: 1064 You have an error in your SQL syntax; check the manual that corresponds to your MySQL server version for the right syntax to use near '' at line 1

[ 2015-02-07T19:49:37+08:00 ] ::1 /W3CAY/Index/theme/c_value/me
ERR: SQLSTATE[42S22]: Column not found: 1054 Unknown column 'me' in 'where clause'

[ 2015-02-07T19:50:24+08:00 ] ::1 /W3CAY/Index/theme
ERR: SQLSTATE[42S22]: Column not found: 1054 Unknown column 'me' in 'where clause'

