[ 2015-02-05T14:09:22+08:00 ] ::1 /W3CAY/index.php/cay_admin/Category/delcate/c_id/1
ERR: SQLSTATE[42S22]: Column not found: 1054 Unknown column '$c_id' in 'where clause'

[ 2015-02-05T14:12:29+08:00 ] ::1 /W3CAY/index.php/cay_admin/Category/delcate/c_id/index
ERR: SQLSTATE[42000]: Syntax error or access violation: 1064 You have an error in your SQL syntax; check the manual that corresponds to your MySQL server version for the right syntax to use near 'index )' at line 1

[ 2015-02-05T14:13:19+08:00 ] ::1 /W3CAY/index.php/cay_admin/Category/delcate/c_id/index
ERR: SQLSTATE[42000]: Syntax error or access violation: 1064 You have an error in your SQL syntax; check the manual that corresponds to your MySQL server version for the right syntax to use near 'index )' at line 1

[ 2015-02-05T14:13:22+08:00 ] ::1 /W3CAY/index.php/cay_admin/Category/delcate/c_id/index
ERR: SQLSTATE[42000]: Syntax error or access violation: 1064 You have an error in your SQL syntax; check the manual that corresponds to your MySQL server version for the right syntax to use near 'index )' at line 1

[ 2015-02-05T14:14:29+08:00 ] ::1 /W3CAY/index.php/cay_admin/Category/delcate/c_id/index
ERR: SQLSTATE[42000]: Syntax error or access violation: 1064 You have an error in your SQL syntax; check the manual that corresponds to your MySQL server version for the right syntax to use near 'index )' at line 1

[ 2015-02-05T14:14:31+08:00 ] ::1 /W3CAY/index.php/cay_admin/Category/delcate/c_id/index
ERR: SQLSTATE[42000]: Syntax error or access violation: 1064 You have an error in your SQL syntax; check the manual that corresponds to your MySQL server version for the right syntax to use near 'index )' at line 1

[ 2015-02-05T14:14:31+08:00 ] ::1 /W3CAY/index.php/cay_admin/Category/delcate/c_id/index
ERR: SQLSTATE[42000]: Syntax error or access violation: 1064 You have an error in your SQL syntax; check the manual that corresponds to your MySQL server version for the right syntax to use near 'index )' at line 1

[ 2015-02-05T14:14:32+08:00 ] ::1 /W3CAY/index.php/cay_admin/Category/delcate/c_id/index
ERR: SQLSTATE[42000]: Syntax error or access violation: 1064 You have an error in your SQL syntax; check the manual that corresponds to your MySQL server version for the right syntax to use near 'index )' at line 1

[ 2015-02-05T14:14:33+08:00 ] ::1 /W3CAY/index.php/cay_admin/Category/delcate/c_id/index
ERR: SQLSTATE[42000]: Syntax error or access violation: 1064 You have an error in your SQL syntax; check the manual that corresponds to your MySQL server version for the right syntax to use near 'index )' at line 1

[ 2015-02-05T14:14:33+08:00 ] ::1 /W3CAY/index.php/cay_admin/Category/delcate/c_id/index
ERR: SQLSTATE[42000]: Syntax error or access violation: 1064 You have an error in your SQL syntax; check the manual that corresponds to your MySQL server version for the right syntax to use near 'index )' at line 1

[ 2015-02-05T14:14:34+08:00 ] ::1 /W3CAY/index.php/cay_admin/Category/delcate/c_id/index
ERR: SQLSTATE[42000]: Syntax error or access violation: 1064 You have an error in your SQL syntax; check the manual that corresponds to your MySQL server version for the right syntax to use near 'index )' at line 1

[ 2015-02-05T14:14:34+08:00 ] ::1 /W3CAY/index.php/cay_admin/Category/delcate/c_id/index
ERR: SQLSTATE[42000]: Syntax error or access violation: 1064 You have an error in your SQL syntax; check the manual that corresponds to your MySQL server version for the right syntax to use near 'index )' at line 1

[ 2015-02-05T14:14:34+08:00 ] ::1 /W3CAY/index.php/cay_admin/Category/delcate/c_id/index
ERR: SQLSTATE[42000]: Syntax error or access violation: 1064 You have an error in your SQL syntax; check the manual that corresponds to your MySQL server version for the right syntax to use near 'index )' at line 1

[ 2015-02-05T14:14:35+08:00 ] ::1 /W3CAY/index.php/cay_admin/Category/delcate/c_id/index
ERR: SQLSTATE[42000]: Syntax error or access violation: 1064 You have an error in your SQL syntax; check the manual that corresponds to your MySQL server version for the right syntax to use near 'index )' at line 1

[ 2015-02-05T14:14:35+08:00 ] ::1 /W3CAY/index.php/cay_admin/Category/delcate/c_id/index
ERR: SQLSTATE[42000]: Syntax error or access violation: 1064 You have an error in your SQL syntax; check the manual that corresponds to your MySQL server version for the right syntax to use near 'index )' at line 1

[ 2015-02-05T14:14:35+08:00 ] ::1 /W3CAY/index.php/cay_admin/Category/delcate/c_id/index
ERR: SQLSTATE[42000]: Syntax error or access violation: 1064 You have an error in your SQL syntax; check the manual that corresponds to your MySQL server version for the right syntax to use near 'index )' at line 1

[ 2015-02-05T14:14:35+08:00 ] ::1 /W3CAY/index.php/cay_admin/Category/delcate/c_id/index
ERR: SQLSTATE[42000]: Syntax error or access violation: 1064 You have an error in your SQL syntax; check the manual that corresponds to your MySQL server version for the right syntax to use near 'index )' at line 1

[ 2015-02-05T14:14:35+08:00 ] ::1 /W3CAY/index.php/cay_admin/Category/delcate/c_id/index
ERR: SQLSTATE[42000]: Syntax error or access violation: 1064 You have an error in your SQL syntax; check the manual that corresponds to your MySQL server version for the right syntax to use near 'index )' at line 1

[ 2015-02-05T14:14:36+08:00 ] ::1 /W3CAY/index.php/cay_admin/Category/delcate/c_id/index
ERR: SQLSTATE[42000]: Syntax error or access violation: 1064 You have an error in your SQL syntax; check the manual that corresponds to your MySQL server version for the right syntax to use near 'index )' at line 1

[ 2015-02-05T14:16:14+08:00 ] ::1 /W3CAY/index.php/cay_admin/Category/delcate/c_id/index
ERR: SQLSTATE[42000]: Syntax error or access violation: 1064 You have an error in your SQL syntax; check the manual that corresponds to your MySQL server version for the right syntax to use near 'index )' at line 1

[ 2015-02-05T14:16:42+08:00 ] ::1 /W3CAY/index.php/cay_admin/Category/delcate/c_id/index
ERR: SQLSTATE[42000]: Syntax error or access violation: 1064 You have an error in your SQL syntax; check the manual that corresponds to your MySQL server version for the right syntax to use near 'index )' at line 1

[ 2015-02-05T14:16:48+08:00 ] ::1 /W3CAY/index.php/cay_admin/Category/delcate/c_id/Category/index
ERR: SQLSTATE[42S22]: Column not found: 1054 Unknown column 'Category' in 'where clause'

[ 2015-02-05T14:17:15+08:00 ] ::1 /W3CAY/index.php/cay_admin/Category/delcate/c_id/index
ERR: SQLSTATE[42000]: Syntax error or access violation: 1064 You have an error in your SQL syntax; check the manual that corresponds to your MySQL server version for the right syntax to use near 'index )' at line 1

[ 2015-02-05T14:18:01+08:00 ] ::1 /W3CAY/index.php/cay_admin/Category/delcate/c_id/index
ERR: SQLSTATE[42000]: Syntax error or access violation: 1064 You have an error in your SQL syntax; check the manual that corresponds to your MySQL server version for the right syntax to use near 'index )' at line 1

[ 2015-02-05T14:18:55+08:00 ] ::1 /W3CAY/index.php/cay_admin/Category/delcate/c_id/index
ERR: SQLSTATE[42000]: Syntax error or access violation: 1064 You have an error in your SQL syntax; check the manual that corresponds to your MySQL server version for the right syntax to use near 'index )' at line 1

