[ 2015-02-06T11:58:57+08:00 ] ::1 /W3CAY/index.php/cay_admin/Article/add.html
ERR: 无法加载控制器:Article

[ 2015-02-06T12:10:01+08:00 ] ::1 /W3CAY/index.php/cay_admin/Article/ueditor.all.js
ERR: 非法操作:ueditor.all.js

[ 2015-02-06T12:10:01+08:00 ] ::1 /W3CAY/index.php/cay_admin/Article/ueditor.config.js
ERR: 非法操作:ueditor.config.js

[ 2015-02-06T12:10:07+08:00 ] ::1 /W3CAY/index.php/cay_admin/Article/ueditor.all.js
ERR: 非法操作:ueditor.all.js

[ 2015-02-06T12:10:07+08:00 ] ::1 /W3CAY/index.php/cay_admin/Article/ueditor.config.js
ERR: 非法操作:ueditor.config.js

[ 2015-02-06T12:36:45+08:00 ] ::1 /W3CAY/index.php/cay_admin/Article/ueditor.config.js
ERR: 非法操作:ueditor.config.js

[ 2015-02-06T12:36:45+08:00 ] ::1 /W3CAY/index.php/cay_admin/Article/ueditor.all.js
ERR: 非法操作:ueditor.all.js

[ 2015-02-06T12:36:56+08:00 ] ::1 /W3CAY/index.php/cay_admin/Article/ueditor.all.js
ERR: 非法操作:ueditor.all.js

[ 2015-02-06T12:36:56+08:00 ] ::1 /W3CAY/index.php/cay_admin/Article/ueditor.config.js
ERR: 非法操作:ueditor.config.js

[ 2015-02-06T12:36:58+08:00 ] ::1 /W3CAY/index.php/cay_admin/Article/ueditor.all.js
ERR: 非法操作:ueditor.all.js

[ 2015-02-06T12:36:58+08:00 ] ::1 /W3CAY/index.php/cay_admin/Article/ueditor.config.js
ERR: 非法操作:ueditor.config.js

[ 2015-02-06T12:37:10+08:00 ] ::1 /W3CAY/index.php/cay_admin/Article/ueditor.all.js
ERR: 非法操作:ueditor.all.js

[ 2015-02-06T12:37:10+08:00 ] ::1 /W3CAY/index.php/cay_admin/Article/ueditor.config.js
ERR: 非法操作:ueditor.config.js

[ 2015-02-06T12:38:45+08:00 ] ::1 /W3CAY/index.php/cay_admin/Article/ueditor.all.js
ERR: 非法操作:ueditor.all.js

[ 2015-02-06T12:39:04+08:00 ] ::1 /W3CAY/index.php/cay_admin/Article/ueditor.all.js
ERR: 非法操作:ueditor.all.js

[ 2015-02-06T12:56:42+08:00 ] ::1 /W3CAY/index.php/cay_admin/Article/ueditor.config.js
ERR: 非法操作:ueditor.config.js

[ 2015-02-06T12:56:42+08:00 ] ::1 /W3CAY/index.php/cay_admin/Article/ueditor.all.js
ERR: 非法操作:ueditor.all.js

[ 2015-02-06T12:56:44+08:00 ] ::1 /W3CAY/index.php/cay_admin/Article/ueditor.config.js
ERR: 非法操作:ueditor.config.js

[ 2015-02-06T12:56:44+08:00 ] ::1 /W3CAY/index.php/cay_admin/Article/ueditor.all.js
ERR: 非法操作:ueditor.all.js

[ 2015-02-06T12:56:47+08:00 ] ::1 /W3CAY/index.php/cay_admin/Article/ueditor.config.js
ERR: 非法操作:ueditor.config.js

[ 2015-02-06T12:56:47+08:00 ] ::1 /W3CAY/index.php/cay_admin/Article/ueditor.all.js
ERR: 非法操作:ueditor.all.js

[ 2015-02-06T12:56:53+08:00 ] ::1 /W3CAY/index.php/cay_admin/Article/ueditor.config.js
ERR: 非法操作:ueditor.config.js

[ 2015-02-06T12:56:53+08:00 ] ::1 /W3CAY/index.php/cay_admin/Article/ueditor.all.js
ERR: 非法操作:ueditor.all.js

[ 2015-02-06T12:57:32+08:00 ] ::1 /W3CAY/index.php/cay_admin/Category/ueditor.config.js
ERR: 非法操作:ueditor.config.js

[ 2015-02-06T12:57:32+08:00 ] ::1 /W3CAY/index.php/cay_admin/Category/ueditor.all.js
ERR: 非法操作:ueditor.all.js

[ 2015-02-06T12:57:55+08:00 ] ::1 /W3CAY/index.php/cay_admin/Index/ueditor.config.js
ERR: 非法操作:ueditor.config.js

[ 2015-02-06T12:57:55+08:00 ] ::1 /W3CAY/index.php/cay_admin/Index/ueditor.all.js
ERR: 非法操作:ueditor.all.js

[ 2015-02-06T12:58:05+08:00 ] ::1 /W3CAY/index.php/cay_admin/Article/ueditor.config.js
ERR: 非法操作:ueditor.config.js

[ 2015-02-06T12:58:05+08:00 ] ::1 /W3CAY/index.php/cay_admin/Article/ueditor.all.js
ERR: 非法操作:ueditor.all.js

[ 2015-02-06T13:06:56+08:00 ] ::1 /W3CAY/index.php/cay_admin/Article/ueditor.all.js
ERR: 非法操作:ueditor.all.js

[ 2015-02-06T13:06:56+08:00 ] ::1 /W3CAY/index.php/cay_admin/Article/ueditor.config.js
ERR: 非法操作:ueditor.config.js

[ 2015-02-06T13:06:57+08:00 ] ::1 /W3CAY/index.php/cay_admin/Article/ueditor.all.js
ERR: 非法操作:ueditor.all.js

[ 2015-02-06T13:06:57+08:00 ] ::1 /W3CAY/index.php/cay_admin/Article/ueditor.config.js
ERR: 非法操作:ueditor.config.js

[ 2015-02-06T13:06:58+08:00 ] ::1 /W3CAY/index.php/cay_admin/Article/ueditor.config.js
ERR: 非法操作:ueditor.config.js

[ 2015-02-06T13:06:58+08:00 ] ::1 /W3CAY/index.php/cay_admin/Article/ueditor.all.js
ERR: 非法操作:ueditor.all.js

[ 2015-02-06T13:07:02+08:00 ] ::1 /W3CAY/index.php/cay_admin/Article/ueditor.config.js
ERR: 非法操作:ueditor.config.js

[ 2015-02-06T13:07:02+08:00 ] ::1 /W3CAY/index.php/cay_admin/Article/ueditor.all.js
ERR: 非法操作:ueditor.all.js

[ 2015-02-06T13:12:49+08:00 ] ::1 /W3CAY/index.php/cay_admin/Article/ueditor.all.js
ERR: 非法操作:ueditor.all.js

[ 2015-02-06T13:12:49+08:00 ] ::1 /W3CAY/index.php/cay_admin/Article/ueditor.config.js
ERR: 非法操作:ueditor.config.js

[ 2015-02-06T13:13:27+08:00 ] ::1 /W3CAY/index.php/cay_admin/Article/ueditor.all.js
ERR: 非法操作:ueditor.all.js

[ 2015-02-06T13:13:27+08:00 ] ::1 /W3CAY/index.php/cay_admin/Article/ueditor.config.js
ERR: 非法操作:ueditor.config.js

[ 2015-02-06T13:13:33+08:00 ] ::1 /W3CAY/index.php/cay_admin/Article/ueditor.config.js
ERR: 非法操作:ueditor.config.js

[ 2015-02-06T13:13:33+08:00 ] ::1 /W3CAY/index.php/cay_admin/Article/ueditor.all.js
ERR: 非法操作:ueditor.all.js

[ 2015-02-06T13:13:55+08:00 ] ::1 /W3CAY/index.php/cay_admin/Article/ueditor.all.js
ERR: 非法操作:ueditor.all.js

[ 2015-02-06T13:13:55+08:00 ] ::1 /W3CAY/index.php/cay_admin/Article/ueditor.config.js
ERR: 非法操作:ueditor.config.js

[ 2015-02-06T13:14:04+08:00 ] ::1 /W3CAY/index.php/cay_admin/Article/ueditor.config.js
ERR: 非法操作:ueditor.config.js

[ 2015-02-06T13:14:04+08:00 ] ::1 /W3CAY/index.php/cay_admin/Article/ueditor.all.js
ERR: 非法操作:ueditor.all.js

[ 2015-02-06T13:29:11+08:00 ] ::1 /W3CAY/index.php/cay_admin/Article/ueditor.config.js
ERR: 非法操作:ueditor.config.js

[ 2015-02-06T13:29:11+08:00 ] ::1 /W3CAY/index.php/cay_admin/Article/ueditor.all.js
ERR: 非法操作:ueditor.all.js

[ 2015-02-06T13:29:12+08:00 ] ::1 /W3CAY/index.php/cay_admin/Article/ueditor.config.js
ERR: 非法操作:ueditor.config.js

[ 2015-02-06T13:29:12+08:00 ] ::1 /W3CAY/index.php/cay_admin/Article/ueditor.all.js
ERR: 非法操作:ueditor.all.js

[ 2015-02-06T13:29:13+08:00 ] ::1 /W3CAY/index.php/cay_admin/Article/ueditor.all.js
ERR: 非法操作:ueditor.all.js

[ 2015-02-06T13:29:13+08:00 ] ::1 /W3CAY/index.php/cay_admin/Article/ueditor.config.js
ERR: 非法操作:ueditor.config.js

[ 2015-02-06T13:29:14+08:00 ] ::1 /W3CAY/index.php/cay_admin/Article/ueditor.all.js
ERR: 非法操作:ueditor.all.js

[ 2015-02-06T13:29:14+08:00 ] ::1 /W3CAY/index.php/cay_admin/Article/ueditor.config.js
ERR: 非法操作:ueditor.config.js

[ 2015-02-06T13:35:11+08:00 ] ::1 /W3CAY/index.php/cay_admin/Article/undefinedlang/zh-cn/zh-cn.js
ERR: 非法操作:undefinedlang

[ 2015-02-06T13:35:11+08:00 ] ::1 /W3CAY/index.php/cay_admin/Article/undefinedthemes/default/css/ueditor.css
ERR: 非法操作:undefinedthemes

[ 2015-02-06T13:35:15+08:00 ] ::1 /W3CAY/index.php/cay_admin/Article/undefinedthemes/default/css/ueditor.css
ERR: 非法操作:undefinedthemes

[ 2015-02-06T13:35:15+08:00 ] ::1 /W3CAY/index.php/cay_admin/Article/undefinedlang/zh-cn/zh-cn.js
ERR: 非法操作:undefinedlang

[ 2015-02-06T13:35:19+08:00 ] ::1 /W3CAY/index.php/cay_admin/Article/undefinedlang/zh-cn/zh-cn.js
ERR: 非法操作:undefinedlang

[ 2015-02-06T13:35:19+08:00 ] ::1 /W3CAY/index.php/cay_admin/Article/undefinedthemes/default/css/ueditor.css
ERR: 非法操作:undefinedthemes

[ 2015-02-06T13:35:22+08:00 ] ::1 /W3CAY/index.php/cay_admin/Article/undefinedthemes/default/css/ueditor.css
ERR: 非法操作:undefinedthemes

[ 2015-02-06T13:35:22+08:00 ] ::1 /W3CAY/index.php/cay_admin/Article/undefinedlang/zh-cn/zh-cn.js
ERR: 非法操作:undefinedlang

[ 2015-02-06T16:59:24+08:00 ] ::1 /W3CAY/index.php/cay_admin/Article/add.html
ERR: 非法操作:add

[ 2015-02-06T16:59:28+08:00 ] ::1 /W3CAY/index.php/cay_admin/Article/add.html
ERR: 非法操作:add

