[ 2015-02-07T15:06:06+08:00 ] ::1 /W3CAY/index.php/cay_admin/Article/update.html
ERR: 非法操作:update

[ 2015-02-07T15:23:21+08:00 ] ::1 /W3CAY/index.php/cay_admin/Article/modify/a_id/25
ERR: 模板不存在:./App/Admin/View/Article/modify.html

[ 2015-02-07T15:30:09+08:00 ] ::1 /W3CAY/index.php/cay_admin/Article/update/a_id/index
ERR: SQLSTATE[42000]: Syntax error or access violation: 1064 You have an error in your SQL syntax; check the manual that corresponds to your MySQL server version for the right syntax to use near 'index )' at line 1

[ 2015-02-07T15:34:29+08:00 ] ::1 /W3CAY/index.php/cay_admin/Article/update.html
ERR: SQLSTATE[23000]: Integrity constraint violation: 1062 Duplicate entry '0' for key 'PRIMARY'

[ 2015-02-07T15:37:42+08:00 ] ::1 /W3CAY/index.php/cay_admin/Article/update.html
ERR: SQLSTATE[42000]: Syntax error or access violation: 1064 You have an error in your SQL syntax; check the manual that corresponds to your MySQL server version for the right syntax to use near ')' at line 1

[ 2015-02-07T15:38:50+08:00 ] ::1 /W3CAY/index.php/cay_admin/Article/update.html
ERR: SQLSTATE[42000]: Syntax error or access violation: 1064 You have an error in your SQL syntax; check the manual that corresponds to your MySQL server version for the right syntax to use near ')' at line 1

[ 2015-02-07T15:40:28+08:00 ] ::1 /W3CAY/index.php/cay_admin/Article/update.html
ERR: SQLSTATE[42S22]: Column not found: 1054 Unknown column '$a_id' in 'where clause'

[ 2015-02-07T17:23:15+08:00 ] ::1 /W3CAY/index.php/cay_admin/Article/modify/a_id/31
ERR: SQLSTATE[42S22]: Column not found: 1054 Unknown column 'Cate.cate_id' in 'on clause'

[ 2015-02-07T18:50:26+08:00 ] ::1 /W3CAY/admin.php/admin
ERR: 非法操作:theme

[ 2015-02-07T18:50:32+08:00 ] ::1 /W3CAY/admin.php/cay_admin/Index/readme.html
ERR: 非法操作:theme

