[ 2015-01-31T14:58:36+08:00 ] ::1 /W3CAY/index.php/Admin/do_login
ERR: 无法加载控制器:Do_login

[ 2015-01-31T14:58:51+08:00 ] ::1 /W3CAY/index.php/Admin/do_login
ERR: 无法加载控制器:Do_login

[ 2015-01-31T14:58:55+08:00 ] ::1 /W3CAY/index.php/Admin/do_login
ERR: 无法加载控制器:Do_login

[ 2015-01-31T14:59:20+08:00 ] ::1 /W3CAY/index.php/Admin/login
ERR: 无法加载控制器:Login

[ 2015-01-31T20:49:05+08:00 ] ::1 /W3CAY/index.php/Admin/Index/login
ERR: SQLSTATE[42S22]: Column not found: 1054 Unknown column '$a_name' in 'where clause'

[ 2015-01-31T21:13:11+08:00 ] ::1 /W3CAY/admin
ERR: 模板不存在:./App/Admin/View/Index/index.html

[ 2015-01-31T21:20:07+08:00 ] ::1 /W3CAY/index.php/Admin/Login/Admin/Index/index
ERR: 非法操作:Admin

[ 2015-01-31T21:22:38+08:00 ] ::1 /W3CAY/index.php/Admin/Login/Admin/Index/index
ERR: 非法操作:Admin

[ 2015-01-31T21:22:51+08:00 ] ::1 /W3CAY/index.php/Admin/Login/U(
ERR: 非法操作:U(

[ 2015-01-31T21:38:27+08:00 ] ::1 /W3CAY/index.php/Admin/Login/U(
ERR: 非法操作:U(

[ 2015-01-31T21:38:31+08:00 ] ::1 /W3CAY/index.php/Admin/Login/U(
ERR: 非法操作:U(

[ 2015-01-31T21:38:32+08:00 ] ::1 /W3CAY/index.php/Admin/Login/U(
ERR: 非法操作:U(

[ 2015-01-31T22:05:19+08:00 ] ::1 /W3CAY/index.php/Admin/Index/index.html
ERR: Think\Controller:redrect方法不存在！

