[ 2015-01-30T17:16:40+08:00 ] ::1 /W3CAY/index.php/Admin/Index/do_login
ERR: 非法操作:do_login

[ 2015-01-30T21:09:36+08:00 ] ::1 /W3CAY/index.php/Admin/Index/do_login
ERR: 非法操作:do_login

[ 2015-01-30T21:09:39+08:00 ] ::1 /W3CAY/index.php/Admin/Index/do_login
ERR: 非法操作:do_login

[ 2015-01-30T21:09:46+08:00 ] ::1 /W3CAY/index.php/Admin/Index/do_login
ERR: 非法操作:do_login

[ 2015-01-30T21:10:09+08:00 ] ::1 /W3CAY/index.php/Admin/Index/do_login
ERR: 非法操作:do_login

[ 2015-01-30T21:10:12+08:00 ] ::1 /W3CAY/index.php/Admin/Index/do_login
ERR: 非法操作:do_login

[ 2015-01-30T21:25:12+08:00 ] ::1 /W3CAY/index.php/Admin/Index/do_login
ERR: 非法操作:do_login

[ 2015-01-30T21:25:15+08:00 ] ::1 /W3CAY/index.php/Admin/Index/do_login
ERR: 非法操作:do_login

[ 2015-01-30T21:33:37+08:00 ] ::1 /W3CAY/index.php/Admin/Public/code
ERR: 无法加载控制器:Public

[ 2015-01-30T21:33:39+08:00 ] ::1 /W3CAY/index.php/Admin/Public/code
ERR: 无法加载控制器:Public

[ 2015-01-30T21:33:40+08:00 ] ::1 /W3CAY/index.php/Admin/Public/code
ERR: 无法加载控制器:Public

[ 2015-01-30T21:34:00+08:00 ] ::1 /W3CAY/index.php/Admin/Public/code
ERR: 无法加载控制器:Public

[ 2015-01-30T21:34:10+08:00 ] ::1 /W3CAY/index.php/Admin/Public/code
ERR: 无法加载控制器:Public

[ 2015-01-30T21:35:01+08:00 ] ::1 /W3CAY/admin/Public/code
ERR: 无法加载控制器:Public

[ 2015-01-30T21:35:13+08:00 ] ::1 /W3CAY/admin/Public/code
ERR: 无法加载控制器:Public

