[ 2015-01-25T16:21:21+08:00 ] ::1 /W3CAY/admin.php
INFO: [ app_init ] --START--
INFO: Run Behavior\BuildLiteBehavior [ RunTime:0.000078s ]
INFO: [ app_init ] --END-- [ RunTime:0.002109s ]
INFO: [ app_begin ] --START--
INFO: Run Behavior\ReadHtmlCacheBehavior [ RunTime:0.003787s ]
INFO: [ app_begin ] --END-- [ RunTime:0.004183s ]
INFO: [ view_parse ] --START--
INFO: [ template_filter ] --START--
INFO: Run Behavior\ContentReplaceBehavior [ RunTime:0.000181s ]
INFO: [ template_filter ] --END-- [ RunTime:0.000552s ]
INFO: Run Behavior\ParseTemplateBehavior [ RunTime:0.035300s ]
INFO: [ view_parse ] --END-- [ RunTime:0.035802s ]
INFO: [ view_filter ] --START--
INFO: Run Behavior\WriteHtmlCacheBehavior [ RunTime:0.001801s ]
INFO: [ view_filter ] --END-- [ RunTime:0.002145s ]
INFO: [ app_end ] --START--
INFO: Run Behavior\ShowPageTraceBehavior [ RunTime:0.004774s ]
INFO: [ app_end ] --END-- [ RunTime:0.005134s ]

[ 2015-01-25T16:46:36+08:00 ] ::1 /W3CAY/admin.php
INFO: [ app_init ] --START--
INFO: Run Behavior\BuildLiteBehavior [ RunTime:0.000079s ]
INFO: [ app_init ] --END-- [ RunTime:0.001955s ]
INFO: [ app_begin ] --START--
INFO: Run Behavior\ReadHtmlCacheBehavior [ RunTime:0.002414s ]
INFO: [ app_begin ] --END-- [ RunTime:0.002791s ]
INFO: [ view_parse ] --START--
INFO: Run Behavior\ParseTemplateBehavior [ RunTime:0.001823s ]
INFO: [ view_parse ] --END-- [ RunTime:0.002201s ]
INFO: [ view_filter ] --START--
INFO: Run Behavior\WriteHtmlCacheBehavior [ RunTime:0.001859s ]
INFO: [ view_filter ] --END-- [ RunTime:0.002210s ]
INFO: [ app_end ] --START--
INFO: Run Behavior\ShowPageTraceBehavior [ RunTime:0.002569s ]
INFO: [ app_end ] --END-- [ RunTime:0.002914s ]

[ 2015-01-25T16:47:24+08:00 ] ::1 /W3CAY/admin.php
INFO: [ app_init ] --START--
INFO: Run Behavior\BuildLiteBehavior [ RunTime:0.000081s ]
INFO: [ app_init ] --END-- [ RunTime:0.002231s ]
INFO: [ app_begin ] --START--
INFO: Run Behavior\ReadHtmlCacheBehavior [ RunTime:0.002502s ]
INFO: [ app_begin ] --END-- [ RunTime:0.002882s ]
INFO: [ view_parse ] --START--
INFO: [ template_filter ] --START--
INFO: Run Behavior\ContentReplaceBehavior [ RunTime:0.000174s ]
INFO: [ template_filter ] --END-- [ RunTime:0.000564s ]
INFO: Run Behavior\ParseTemplateBehavior [ RunTime:0.037101s ]
INFO: [ view_parse ] --END-- [ RunTime:0.037506s ]
INFO: [ view_filter ] --START--
INFO: Run Behavior\WriteHtmlCacheBehavior [ RunTime:0.001903s ]
INFO: [ view_filter ] --END-- [ RunTime:0.002248s ]
INFO: [ app_end ] --START--
INFO: Run Behavior\ShowPageTraceBehavior [ RunTime:0.004494s ]
INFO: [ app_end ] --END-- [ RunTime:0.004857s ]

