[ 2015-01-27T12:27:11+08:00 ] ::1 /W3CAY/Public/CSS/__PUBLIC__/IMG/HOMEP.png
ERR: 无法加载模块:Public

[ 2015-01-27T12:27:25+08:00 ] ::1 /W3CAY/Public/CSS/__PUBLIC__/IMG/HOMEP.png
ERR: 无法加载模块:Public

[ 2015-01-27T12:27:26+08:00 ] ::1 /W3CAY/Public/CSS/__PUBLIC__/IMG/HOMEP.png
ERR: 无法加载模块:Public

[ 2015-01-27T12:27:27+08:00 ] ::1 /W3CAY/Public/CSS/__PUBLIC__/IMG/HOMEP.png
ERR: 无法加载模块:Public

[ 2015-01-27T12:45:55+08:00 ] ::1 /W3CAY/Public/CSS/__PUBLIC__/IMG/HOMEP.png
ERR: 无法加载模块:Public

[ 2015-01-27T13:11:12+08:00 ] ::1 /W3CAY/Public/CSS/__PUBLIC__/IMG/HOMEP.png
ERR: 无法加载模块:Public

[ 2015-01-27T13:17:48+08:00 ] ::1 /W3CAY/Public/CSS/Public/IMG/HOMEP.png
ERR: 无法加载模块:Public

[ 2015-01-27T13:18:17+08:00 ] ::1 /W3CAY/Public/CSS/Public/IMG/HOMEP.png
ERR: 无法加载模块:Public

[ 2015-01-27T13:20:04+08:00 ] ::1 /W3CAY/Public/Public/IMG/HOMEP.png
ERR: 无法加载模块:Public

[ 2015-01-27T19:05:05+08:00 ] ::1 /W3CAY/Public/CSS/IMG/logo.png
ERR: 无法加载模块:Public

[ 2015-01-27T20:26:31+08:00 ] ::1 /W3CAY/Public/CSS/__PUBLIC__/IMG/name.png
ERR: 无法加载模块:Public

