[ 2015-01-28T14:19:18+08:00 ] ::1 /W3CAY/Public/CSS/images/menu.png
ERR: 无法加载模块:Public

[ 2015-01-28T14:19:58+08:00 ] ::1 /W3CAY/Public/CSS/images/menu.png
ERR: 无法加载模块:Public

[ 2015-01-28T14:21:03+08:00 ] ::1 /W3CAY/Public/CSS/images/menu.png
ERR: 无法加载模块:Public

[ 2015-01-28T14:21:12+08:00 ] ::1 /W3CAY/Public/CSS/images/menu.png
ERR: 无法加载模块:Public

[ 2015-01-28T14:22:21+08:00 ] ::1 /W3CAY/Public/CSS/images/menu.png
ERR: 无法加载模块:Public

[ 2015-01-28T14:24:16+08:00 ] ::1 /W3CAY/Public/CSS/images/menu.png
ERR: 无法加载模块:Public

[ 2015-01-28T14:24:50+08:00 ] ::1 /W3CAY/Public/CSS/images/menu.png
ERR: 无法加载模块:Public

[ 2015-01-28T14:26:07+08:00 ] ::1 /W3CAY/Public/CSS/images/menu.png
ERR: 无法加载模块:Public

[ 2015-01-28T15:06:45+08:00 ] ::1 /W3CAY/Public/AmazeUI/assets/i/examples/landing.png
ERR: 无法加载模块:Public

[ 2015-01-28T15:09:02+08:00 ] ::1 /W3CAY/Public/AmazeUI/assets/i/examples/landing.png
ERR: 无法加载模块:Public

[ 2015-01-28T15:16:25+08:00 ] ::1 /W3CAY/Public/AmazeUI/assets/i/examples/landing.png
ERR: 无法加载模块:Public

[ 2015-01-28T15:17:46+08:00 ] ::1 /W3CAY/Public/AmazeUI/assets/i/examples/landing.png
ERR: 无法加载模块:Public

[ 2015-01-28T15:18:05+08:00 ] ::1 /W3CAY/Public/AmazeUI/assets/i/examples/landing.png
ERR: 无法加载模块:Public

[ 2015-01-28T15:19:24+08:00 ] ::1 /W3CAY/Public/AmazeUI/assets/i/examples/landing.png
ERR: 无法加载模块:Public

[ 2015-01-28T15:20:21+08:00 ] ::1 /W3CAY/Public/AmazeUI/assets/i/examples/landing.png
ERR: 无法加载模块:Public

[ 2015-01-28T15:21:01+08:00 ] ::1 /W3CAY/Public/CSS/images/menu.png
ERR: 无法加载模块:Public

[ 2015-01-28T15:21:49+08:00 ] ::1 /W3CAY/Public/AmazeUI/assets/i/examples/landing.png
ERR: 无法加载模块:Public

[ 2015-01-28T15:24:37+08:00 ] ::1 /W3CAY/Public/AmazeUI/assets/i/examples/landing.png
ERR: 无法加载模块:Public

[ 2015-01-28T15:29:44+08:00 ] ::1 /W3CAY/Public/AmazeUI/assets/i/examples/landing.png
ERR: 无法加载模块:Public

[ 2015-01-28T15:30:55+08:00 ] ::1 /W3CAY/Public/AmazeUI/assets/i/examples/landing.png
ERR: 无法加载模块:Public

[ 2015-01-28T15:31:23+08:00 ] ::1 /W3CAY/Public/AmazeUI/assets/i/examples/landing.png
ERR: 无法加载模块:Public

[ 2015-01-28T15:32:31+08:00 ] ::1 /W3CAY/Public/AmazeUI/assets/i/examples/landing.png
ERR: 无法加载模块:Public

[ 2015-01-28T15:34:01+08:00 ] ::1 /W3CAY/Public/AmazeUI/assets/i/examples/landing.png
ERR: 无法加载模块:Public

[ 2015-01-28T15:34:27+08:00 ] ::1 /W3CAY/Public/AmazeUI/assets/i/examples/landing.png
ERR: 无法加载模块:Public

[ 2015-01-28T15:35:01+08:00 ] ::1 /W3CAY/Public/AmazeUI/assets/i/examples/landing.png
ERR: 无法加载模块:Public

[ 2015-01-28T15:35:32+08:00 ] ::1 /W3CAY/Public/AmazeUI/assets/i/examples/landing.png
ERR: 无法加载模块:Public

[ 2015-01-28T15:35:56+08:00 ] ::1 /W3CAY/Public/AmazeUI/assets/i/examples/landing.png
ERR: 无法加载模块:Public

[ 2015-01-28T15:36:13+08:00 ] ::1 /W3CAY/Public/AmazeUI/assets/i/examples/landing.png
ERR: 无法加载模块:Public

[ 2015-01-28T15:36:57+08:00 ] ::1 /W3CAY/Public/AmazeUI/assets/i/examples/landing.png
ERR: 无法加载模块:Public

[ 2015-01-28T15:39:25+08:00 ] ::1 /W3CAY/Public/AmazeUI/assets/i/examples/landing.png
ERR: 无法加载模块:Public

[ 2015-01-28T15:39:35+08:00 ] ::1 /W3CAY/Public/CSS/images/menu.png
ERR: 无法加载模块:Public

[ 2015-01-28T15:40:29+08:00 ] ::1 /W3CAY/Public/AmazeUI/assets/i/examples/landing.png
ERR: 无法加载模块:Public

[ 2015-01-28T15:41:06+08:00 ] ::1 /W3CAY/Public/AmazeUI/assets/i/examples/landing.png
ERR: 无法加载模块:Public

[ 2015-01-28T15:41:54+08:00 ] ::1 /W3CAY/Public/AmazeUI/assets/i/examples/landing.png
ERR: 无法加载模块:Public

[ 2015-01-28T15:42:28+08:00 ] ::1 /W3CAY/Public/AmazeUI/assets/i/examples/landing.png
ERR: 无法加载模块:Public

[ 2015-01-28T15:42:45+08:00 ] ::1 /W3CAY/Public/AmazeUI/assets/i/examples/landing.png
ERR: 无法加载模块:Public

[ 2015-01-28T15:43:37+08:00 ] ::1 /W3CAY/Public/AmazeUI/assets/i/examples/landing.png
ERR: 无法加载模块:Public

[ 2015-01-28T15:43:46+08:00 ] ::1 /W3CAY/Public/AmazeUI/assets/i/examples/landing.png
ERR: 无法加载模块:Public

[ 2015-01-28T15:43:55+08:00 ] ::1 /W3CAY/Public/AmazeUI/assets/i/examples/landing.png
ERR: 无法加载模块:Public

[ 2015-01-28T15:44:05+08:00 ] ::1 /W3CAY/Public/AmazeUI/assets/i/examples/landing.png
ERR: 无法加载模块:Public

[ 2015-01-28T15:44:46+08:00 ] ::1 /W3CAY/Public/AmazeUI/assets/i/examples/landing.png
ERR: 无法加载模块:Public

[ 2015-01-28T15:44:55+08:00 ] ::1 /W3CAY/Public/AmazeUI/assets/i/examples/landing.png
ERR: 无法加载模块:Public

[ 2015-01-28T15:45:10+08:00 ] ::1 /W3CAY/Public/AmazeUI/assets/i/examples/landing.png
ERR: 无法加载模块:Public

[ 2015-01-28T15:45:36+08:00 ] ::1 /W3CAY/Public/AmazeUI/assets/i/examples/landing.png
ERR: 无法加载模块:Public

[ 2015-01-28T15:48:15+08:00 ] ::1 /W3CAY/Public/AmazeUI/assets/i/examples/landing.png
ERR: 无法加载模块:Public

[ 2015-01-28T15:48:27+08:00 ] ::1 /W3CAY/Public/AmazeUI/assets/i/examples/landing.png
ERR: 无法加载模块:Public

[ 2015-01-28T15:48:33+08:00 ] ::1 /W3CAY/Public/AmazeUI/assets/i/examples/landing.png
ERR: 无法加载模块:Public

[ 2015-01-28T15:48:46+08:00 ] ::1 /W3CAY/Public/AmazeUI/assets/i/examples/landing.png
ERR: 无法加载模块:Public

[ 2015-01-28T15:49:06+08:00 ] ::1 /W3CAY/Public/AmazeUI/assets/i/examples/landing.png
ERR: 无法加载模块:Public

[ 2015-01-28T15:49:44+08:00 ] ::1 /W3CAY/Public/AmazeUI/assets/i/examples/landing.png
ERR: 无法加载模块:Public

[ 2015-01-28T15:49:52+08:00 ] ::1 /W3CAY/Public/AmazeUI/assets/i/examples/landing.png
ERR: 无法加载模块:Public

[ 2015-01-28T15:50:12+08:00 ] ::1 /W3CAY/Public/AmazeUI/assets/i/examples/landing.png
ERR: 无法加载模块:Public

[ 2015-01-28T15:50:27+08:00 ] ::1 /W3CAY/Public/AmazeUI/assets/i/examples/landing.png
ERR: 无法加载模块:Public

[ 2015-01-28T15:50:34+08:00 ] ::1 /W3CAY/Public/AmazeUI/assets/i/examples/landing.png
ERR: 无法加载模块:Public

[ 2015-01-28T15:51:18+08:00 ] ::1 /W3CAY/Public/AmazeUI/assets/i/examples/landing.png
ERR: 无法加载模块:Public

[ 2015-01-28T15:51:50+08:00 ] ::1 /W3CAY/Public/AmazeUI/assets/i/examples/landing.png
ERR: 无法加载模块:Public

[ 2015-01-28T15:52:17+08:00 ] ::1 /W3CAY/Public/CSS/images/menu.png
ERR: 无法加载模块:Public

[ 2015-01-28T15:53:03+08:00 ] ::1 /W3CAY/Public/AmazeUI/assets/i/examples/landing.png
ERR: 无法加载模块:Public

[ 2015-01-28T15:53:10+08:00 ] ::1 /W3CAY/Public/CSS/images/menu.png
ERR: 无法加载模块:Public

[ 2015-01-28T15:54:28+08:00 ] ::1 /W3CAY/Public/AmazeUI/assets/i/examples/landing.png
ERR: 无法加载模块:Public

[ 2015-01-28T15:55:06+08:00 ] ::1 /W3CAY/Public/AmazeUI/assets/i/examples/landing.png
ERR: 无法加载模块:Public

[ 2015-01-28T15:55:27+08:00 ] ::1 /W3CAY/Public/AmazeUI/assets/i/examples/landing.png
ERR: 无法加载模块:Public

[ 2015-01-28T15:55:40+08:00 ] ::1 /W3CAY/Public/AmazeUI/assets/i/examples/landing.png
ERR: 无法加载模块:Public

[ 2015-01-28T15:55:49+08:00 ] ::1 /W3CAY/Public/AmazeUI/assets/i/examples/landing.png
ERR: 无法加载模块:Public

[ 2015-01-28T15:55:56+08:00 ] ::1 /W3CAY/Public/AmazeUI/assets/i/examples/landing.png
ERR: 无法加载模块:Public

[ 2015-01-28T15:56:06+08:00 ] ::1 /W3CAY/Public/AmazeUI/assets/i/examples/landing.png
ERR: 无法加载模块:Public

[ 2015-01-28T15:56:13+08:00 ] ::1 /W3CAY/Public/AmazeUI/assets/i/examples/landing.png
ERR: 无法加载模块:Public

[ 2015-01-28T15:56:21+08:00 ] ::1 /W3CAY/Public/AmazeUI/assets/i/examples/landing.png
ERR: 无法加载模块:Public

[ 2015-01-28T15:56:30+08:00 ] ::1 /W3CAY/Public/AmazeUI/assets/i/examples/landing.png
ERR: 无法加载模块:Public

[ 2015-01-28T15:58:52+08:00 ] ::1 /W3CAY/Public/AmazeUI/assets/i/examples/landing.png
ERR: 无法加载模块:Public

[ 2015-01-28T16:01:20+08:00 ] ::1 /W3CAY/Public/AmazeUI/assets/i/examples/landing.png
ERR: 无法加载模块:Public

[ 2015-01-28T16:02:13+08:00 ] ::1 /W3CAY/Public/AmazeUI/assets/i/examples/landing.png
ERR: 无法加载模块:Public

[ 2015-01-28T16:02:31+08:00 ] ::1 /W3CAY/Public/AmazeUI/assets/i/examples/landing.png
ERR: 无法加载模块:Public

[ 2015-01-28T16:02:38+08:00 ] ::1 /W3CAY/Public/AmazeUI/assets/i/examples/landing.png
ERR: 无法加载模块:Public

[ 2015-01-28T16:02:45+08:00 ] ::1 /W3CAY/Public/AmazeUI/assets/i/examples/landing.png
ERR: 无法加载模块:Public

[ 2015-01-28T16:04:15+08:00 ] ::1 /W3CAY/Public/AmazeUI/assets/i/examples/landing.png
ERR: 无法加载模块:Public

[ 2015-01-28T16:04:33+08:00 ] ::1 /W3CAY/Public/AmazeUI/assets/i/examples/landing.png
ERR: 无法加载模块:Public

[ 2015-01-28T16:06:46+08:00 ] ::1 /W3CAY/Public/AmazeUI/assets/i/examples/landing.png
ERR: 无法加载模块:Public

[ 2015-01-28T16:06:56+08:00 ] ::1 /W3CAY/Public/AmazeUI/assets/i/examples/landing.png
ERR: 无法加载模块:Public

[ 2015-01-28T16:07:17+08:00 ] ::1 /W3CAY/Public/AmazeUI/assets/i/examples/landing.png
ERR: 无法加载模块:Public

[ 2015-01-28T16:07:31+08:00 ] ::1 /W3CAY/Public/AmazeUI/assets/i/examples/landing.png
ERR: 无法加载模块:Public

[ 2015-01-28T16:07:42+08:00 ] ::1 /W3CAY/Public/AmazeUI/assets/i/examples/landing.png
ERR: 无法加载模块:Public

[ 2015-01-28T16:07:51+08:00 ] ::1 /W3CAY/Public/AmazeUI/assets/i/examples/landing.png
ERR: 无法加载模块:Public

[ 2015-01-28T16:07:57+08:00 ] ::1 /W3CAY/Public/AmazeUI/assets/i/examples/landing.png
ERR: 无法加载模块:Public

[ 2015-01-28T16:08:04+08:00 ] ::1 /W3CAY/Public/AmazeUI/assets/i/examples/landing.png
ERR: 无法加载模块:Public

[ 2015-01-28T16:08:19+08:00 ] ::1 /W3CAY/Public/AmazeUI/assets/i/examples/landing.png
ERR: 无法加载模块:Public

[ 2015-01-28T16:08:42+08:00 ] ::1 /W3CAY/Public/AmazeUI/assets/i/examples/landing.png
ERR: 无法加载模块:Public

[ 2015-01-28T16:08:57+08:00 ] ::1 /W3CAY/Public/AmazeUI/assets/i/examples/landing.png
ERR: 无法加载模块:Public

[ 2015-01-28T16:09:06+08:00 ] ::1 /W3CAY/Public/AmazeUI/assets/i/examples/landing.png
ERR: 无法加载模块:Public

[ 2015-01-28T16:09:12+08:00 ] ::1 /W3CAY/Public/AmazeUI/assets/i/examples/landing.png
ERR: 无法加载模块:Public

[ 2015-01-28T16:09:47+08:00 ] ::1 /W3CAY/Public/AmazeUI/assets/i/examples/landing.png
ERR: 无法加载模块:Public

[ 2015-01-28T16:09:55+08:00 ] ::1 /W3CAY/Public/AmazeUI/assets/i/examples/landing.png
ERR: 无法加载模块:Public

[ 2015-01-28T16:10:05+08:00 ] ::1 /W3CAY/Public/AmazeUI/assets/i/examples/landing.png
ERR: 无法加载模块:Public

[ 2015-01-28T16:10:17+08:00 ] ::1 /W3CAY/Public/AmazeUI/assets/i/examples/landing.png
ERR: 无法加载模块:Public

[ 2015-01-28T16:10:57+08:00 ] ::1 /W3CAY/Public/CSS/images/menu.png
ERR: 无法加载模块:Public

[ 2015-01-28T16:13:06+08:00 ] ::1 /W3CAY/Public/AmazeUI/assets/i/examples/landing.png
ERR: 无法加载模块:Public

[ 2015-01-28T16:13:56+08:00 ] ::1 /W3CAY/Public/AmazeUI/assets/i/examples/landing.png
ERR: 无法加载模块:Public

[ 2015-01-28T16:15:20+08:00 ] ::1 /W3CAY/Public/AmazeUI/assets/i/examples/landing.png
ERR: 无法加载模块:Public

[ 2015-01-28T16:19:26+08:00 ] ::1 /W3CAY/Public/AmazeUI/assets/i/examples/landing.png
ERR: 无法加载模块:Public

[ 2015-01-28T16:20:20+08:00 ] ::1 /W3CAY/Public/AmazeUI/assets/i/examples/landing.png
ERR: 无法加载模块:Public

[ 2015-01-28T16:21:01+08:00 ] ::1 /W3CAY/Public/AmazeUI/assets/i/examples/landing.png
ERR: 无法加载模块:Public

[ 2015-01-28T16:22:23+08:00 ] ::1 /W3CAY/Public/AmazeUI/assets/i/examples/landing.png
ERR: 无法加载模块:Public

[ 2015-01-28T16:22:23+08:00 ] ::1 /W3CAY/Public/CSS/images/menu.png
ERR: 无法加载模块:Public

[ 2015-01-28T16:22:39+08:00 ] ::1 /W3CAY/Public/CSS/images/check.png
ERR: 无法加载模块:Public

[ 2015-01-28T16:22:59+08:00 ] ::1 /W3CAY/Public/AmazeUI/assets/i/examples/landing.png
ERR: 无法加载模块:Public

[ 2015-01-28T16:22:59+08:00 ] ::1 /W3CAY/Public/CSS/images/menu.png
ERR: 无法加载模块:Public

[ 2015-01-28T16:23:00+08:00 ] ::1 /W3CAY/Public/CSS/images/check.png
ERR: 无法加载模块:Public

[ 2015-01-28T16:23:38+08:00 ] ::1 /W3CAY/Public/AmazeUI/assets/i/examples/landing.png
ERR: 无法加载模块:Public

[ 2015-01-28T16:23:38+08:00 ] ::1 /W3CAY/Public/CSS/images/menu.png
ERR: 无法加载模块:Public

[ 2015-01-28T16:23:39+08:00 ] ::1 /W3CAY/Public/CSS/images/check.png
ERR: 无法加载模块:Public

[ 2015-01-28T16:24:17+08:00 ] ::1 /W3CAY/Public/AmazeUI/assets/i/examples/landing.png
ERR: 无法加载模块:Public

[ 2015-01-28T16:24:17+08:00 ] ::1 /W3CAY/Public/CSS/images/menu.png
ERR: 无法加载模块:Public

[ 2015-01-28T16:24:24+08:00 ] ::1 /W3CAY/Public/AmazeUI/assets/i/examples/landing.png
ERR: 无法加载模块:Public

[ 2015-01-28T16:24:24+08:00 ] ::1 /W3CAY/Public/CSS/images/menu.png
ERR: 无法加载模块:Public

[ 2015-01-28T16:24:33+08:00 ] ::1 /W3CAY/Public/CSS/images/menu.png
ERR: 无法加载模块:Public

[ 2015-01-28T16:24:33+08:00 ] ::1 /W3CAY/Public/AmazeUI/assets/i/examples/landing.png
ERR: 无法加载模块:Public

[ 2015-01-28T16:24:45+08:00 ] ::1 /W3CAY/Public/AmazeUI/assets/i/examples/landing.png
ERR: 无法加载模块:Public

[ 2015-01-28T16:24:45+08:00 ] ::1 /W3CAY/Public/CSS/images/menu.png
ERR: 无法加载模块:Public

[ 2015-01-28T16:25:00+08:00 ] ::1 /W3CAY/Public/AmazeUI/assets/i/examples/landing.png
ERR: 无法加载模块:Public

[ 2015-01-28T16:25:00+08:00 ] ::1 /W3CAY/Public/CSS/images/menu.png
ERR: 无法加载模块:Public

[ 2015-01-28T16:26:02+08:00 ] ::1 /W3CAY/Public/AmazeUI/assets/i/examples/landing.png
ERR: 无法加载模块:Public

[ 2015-01-28T16:26:02+08:00 ] ::1 /W3CAY/Public/CSS/images/menu.png
ERR: 无法加载模块:Public

[ 2015-01-28T16:26:05+08:00 ] ::1 /W3CAY/Public/CSS/images/check.png
ERR: 无法加载模块:Public

[ 2015-01-28T16:26:29+08:00 ] ::1 /W3CAY/Public/AmazeUI/assets/i/examples/landing.png
ERR: 无法加载模块:Public

[ 2015-01-28T16:26:29+08:00 ] ::1 /W3CAY/Public/CSS/images/menu.png
ERR: 无法加载模块:Public

[ 2015-01-28T16:26:30+08:00 ] ::1 /W3CAY/Public/CSS/images/check.png
ERR: 无法加载模块:Public

[ 2015-01-28T16:26:42+08:00 ] ::1 /W3CAY/Public/AmazeUI/assets/i/examples/landing.png
ERR: 无法加载模块:Public

[ 2015-01-28T16:26:42+08:00 ] ::1 /W3CAY/Public/CSS/images/menu.png
ERR: 无法加载模块:Public

[ 2015-01-28T16:26:51+08:00 ] ::1 /W3CAY/Public/AmazeUI/assets/i/examples/landing.png
ERR: 无法加载模块:Public

[ 2015-01-28T16:26:52+08:00 ] ::1 /W3CAY/Public/CSS/images/menu.png
ERR: 无法加载模块:Public

[ 2015-01-28T16:26:58+08:00 ] ::1 /W3CAY/Public/AmazeUI/assets/i/examples/landing.png
ERR: 无法加载模块:Public

[ 2015-01-28T16:26:58+08:00 ] ::1 /W3CAY/Public/CSS/images/menu.png
ERR: 无法加载模块:Public

[ 2015-01-28T16:27:48+08:00 ] ::1 /W3CAY/Public/AmazeUI/assets/i/examples/landing.png
ERR: 无法加载模块:Public

[ 2015-01-28T16:27:48+08:00 ] ::1 /W3CAY/Public/CSS/images/menu.png
ERR: 无法加载模块:Public

[ 2015-01-28T16:27:55+08:00 ] ::1 /W3CAY/Public/CSS/images/check.png
ERR: 无法加载模块:Public

[ 2015-01-28T16:28:24+08:00 ] ::1 /W3CAY/Public/AmazeUI/assets/i/examples/landing.png
ERR: 无法加载模块:Public

[ 2015-01-28T16:28:24+08:00 ] ::1 /W3CAY/Public/CSS/images/menu.png
ERR: 无法加载模块:Public

[ 2015-01-28T16:29:08+08:00 ] ::1 /W3CAY/Public/AmazeUI/assets/i/examples/landing.png
ERR: 无法加载模块:Public

[ 2015-01-28T16:29:08+08:00 ] ::1 /W3CAY/Public/CSS/images/menu.png
ERR: 无法加载模块:Public

[ 2015-01-28T16:29:10+08:00 ] ::1 /W3CAY/Public/CSS/images/check.png
ERR: 无法加载模块:Public

[ 2015-01-28T16:30:05+08:00 ] ::1 /W3CAY/Public/AmazeUI/assets/i/examples/landing.png
ERR: 无法加载模块:Public

[ 2015-01-28T16:30:05+08:00 ] ::1 /W3CAY/Public/CSS/images/menu.png
ERR: 无法加载模块:Public

[ 2015-01-28T16:30:12+08:00 ] ::1 /W3CAY/Public/AmazeUI/assets/i/examples/landing.png
ERR: 无法加载模块:Public

[ 2015-01-28T16:30:12+08:00 ] ::1 /W3CAY/Public/CSS/images/menu.png
ERR: 无法加载模块:Public

[ 2015-01-28T16:30:18+08:00 ] ::1 /W3CAY/Public/AmazeUI/assets/i/examples/landing.png
ERR: 无法加载模块:Public

[ 2015-01-28T16:30:18+08:00 ] ::1 /W3CAY/Public/CSS/images/menu.png
ERR: 无法加载模块:Public

[ 2015-01-28T16:30:29+08:00 ] ::1 /W3CAY/Public/AmazeUI/assets/i/examples/landing.png
ERR: 无法加载模块:Public

[ 2015-01-28T16:30:29+08:00 ] ::1 /W3CAY/Public/CSS/images/menu.png
ERR: 无法加载模块:Public

[ 2015-01-28T16:30:44+08:00 ] ::1 /W3CAY/Public/AmazeUI/assets/i/examples/landing.png
ERR: 无法加载模块:Public

[ 2015-01-28T16:30:45+08:00 ] ::1 /W3CAY/Public/CSS/images/menu.png
ERR: 无法加载模块:Public

[ 2015-01-28T16:30:59+08:00 ] ::1 /W3CAY/Public/AmazeUI/assets/i/examples/landing.png
ERR: 无法加载模块:Public

[ 2015-01-28T16:31:00+08:00 ] ::1 /W3CAY/Public/CSS/images/menu.png
ERR: 无法加载模块:Public

[ 2015-01-28T16:31:06+08:00 ] ::1 /W3CAY/Public/AmazeUI/assets/i/examples/landing.png
ERR: 无法加载模块:Public

[ 2015-01-28T16:31:06+08:00 ] ::1 /W3CAY/Public/CSS/images/menu.png
ERR: 无法加载模块:Public

[ 2015-01-28T16:31:32+08:00 ] ::1 /W3CAY/Public/CSS/images/menu.png
ERR: 无法加载模块:Public

[ 2015-01-28T16:31:33+08:00 ] ::1 /W3CAY/Public/AmazeUI/assets/i/examples/landing.png
ERR: 无法加载模块:Public

[ 2015-01-28T16:31:34+08:00 ] ::1 /W3CAY/Public/CSS/images/check.png
ERR: 无法加载模块:Public

[ 2015-01-28T16:31:52+08:00 ] ::1 /W3CAY/Public/AmazeUI/assets/i/examples/landing.png
ERR: 无法加载模块:Public

[ 2015-01-28T16:31:52+08:00 ] ::1 /W3CAY/Public/CSS/images/menu.png
ERR: 无法加载模块:Public

[ 2015-01-28T16:32:07+08:00 ] ::1 /W3CAY/Public/AmazeUI/assets/i/examples/landing.png
ERR: 无法加载模块:Public

[ 2015-01-28T16:32:07+08:00 ] ::1 /W3CAY/Public/CSS/images/menu.png
ERR: 无法加载模块:Public

[ 2015-01-28T16:32:18+08:00 ] ::1 /W3CAY/Public/AmazeUI/assets/i/examples/landing.png
ERR: 无法加载模块:Public

[ 2015-01-28T16:32:18+08:00 ] ::1 /W3CAY/Public/CSS/images/menu.png
ERR: 无法加载模块:Public

[ 2015-01-28T16:32:19+08:00 ] ::1 /W3CAY/Public/CSS/images/check.png
ERR: 无法加载模块:Public

[ 2015-01-28T16:32:47+08:00 ] ::1 /W3CAY/Public/AmazeUI/assets/i/examples/landing.png
ERR: 无法加载模块:Public

[ 2015-01-28T16:32:47+08:00 ] ::1 /W3CAY/Public/CSS/images/menu.png
ERR: 无法加载模块:Public

[ 2015-01-28T16:32:57+08:00 ] ::1 /W3CAY/Public/CSS/images/check.png
ERR: 无法加载模块:Public

[ 2015-01-28T16:34:54+08:00 ] ::1 /W3CAY/Public/AmazeUI/assets/i/examples/landing.png
ERR: 无法加载模块:Public

[ 2015-01-28T16:34:55+08:00 ] ::1 /W3CAY/Public/CSS/images/menu.png
ERR: 无法加载模块:Public

[ 2015-01-28T16:34:56+08:00 ] ::1 /W3CAY/Public/CSS/images/check.png
ERR: 无法加载模块:Public

[ 2015-01-28T16:35:06+08:00 ] ::1 /W3CAY/Public/AmazeUI/assets/i/examples/landing.png
ERR: 无法加载模块:Public

[ 2015-01-28T16:35:06+08:00 ] ::1 /W3CAY/Public/CSS/images/menu.png
ERR: 无法加载模块:Public

[ 2015-01-28T16:35:07+08:00 ] ::1 /W3CAY/Public/CSS/images/check.png
ERR: 无法加载模块:Public

[ 2015-01-28T16:35:18+08:00 ] ::1 /W3CAY/Public/AmazeUI/assets/i/examples/landing.png
ERR: 无法加载模块:Public

[ 2015-01-28T16:35:18+08:00 ] ::1 /W3CAY/Public/CSS/images/menu.png
ERR: 无法加载模块:Public

[ 2015-01-28T16:35:40+08:00 ] ::1 /W3CAY/Public/AmazeUI/assets/i/examples/landing.png
ERR: 无法加载模块:Public

[ 2015-01-28T16:35:40+08:00 ] ::1 /W3CAY/Public/CSS/images/menu.png
ERR: 无法加载模块:Public

[ 2015-01-28T16:35:42+08:00 ] ::1 /W3CAY/Public/CSS/images/check.png
ERR: 无法加载模块:Public

[ 2015-01-28T16:35:59+08:00 ] ::1 /W3CAY/Public/AmazeUI/assets/i/examples/landing.png
ERR: 无法加载模块:Public

[ 2015-01-28T16:35:59+08:00 ] ::1 /W3CAY/Public/CSS/images/menu.png
ERR: 无法加载模块:Public

[ 2015-01-28T16:36:19+08:00 ] ::1 /W3CAY/Public/AmazeUI/assets/i/examples/landing.png
ERR: 无法加载模块:Public

[ 2015-01-28T16:36:19+08:00 ] ::1 /W3CAY/Public/CSS/images/menu.png
ERR: 无法加载模块:Public

[ 2015-01-28T16:36:37+08:00 ] ::1 /W3CAY/Public/CSS/images/check.png
ERR: 无法加载模块:Public

[ 2015-01-28T16:36:56+08:00 ] ::1 /W3CAY/Public/AmazeUI/assets/i/examples/landing.png
ERR: 无法加载模块:Public

[ 2015-01-28T16:36:56+08:00 ] ::1 /W3CAY/Public/CSS/images/menu.png
ERR: 无法加载模块:Public

[ 2015-01-28T16:37:05+08:00 ] ::1 /W3CAY/Public/CSS/images/check.png
ERR: 无法加载模块:Public

[ 2015-01-28T16:37:23+08:00 ] ::1 /W3CAY/Public/AmazeUI/assets/i/examples/landing.png
ERR: 无法加载模块:Public

[ 2015-01-28T16:38:14+08:00 ] ::1 /W3CAY/Public/AmazeUI/assets/i/examples/landing.png
ERR: 无法加载模块:Public

[ 2015-01-28T16:39:00+08:00 ] ::1 /W3CAY/Public/AmazeUI/assets/i/examples/landing.png
ERR: 无法加载模块:Public

[ 2015-01-28T16:39:55+08:00 ] ::1 /W3CAY/Public/AmazeUI/assets/i/examples/landing.png
ERR: 无法加载模块:Public

[ 2015-01-28T16:39:55+08:00 ] ::1 /W3CAY/Public/CSS/images/menu.png
ERR: 无法加载模块:Public

[ 2015-01-28T16:44:01+08:00 ] ::1 /W3CAY/Public/AmazeUI/assets/i/examples/landing.png
ERR: 无法加载模块:Public

[ 2015-01-28T16:46:25+08:00 ] ::1 /W3CAY/Public/AmazeUI/assets/i/examples/landing.png
ERR: 无法加载模块:Public

[ 2015-01-28T16:47:03+08:00 ] ::1 /W3CAY/Public/AmazeUI/assets/i/examples/landing.png
ERR: 无法加载模块:Public

[ 2015-01-28T16:48:05+08:00 ] ::1 /W3CAY/Public/AmazeUI/assets/i/examples/landing.png
ERR: 无法加载模块:Public

[ 2015-01-28T16:48:18+08:00 ] ::1 /W3CAY/Public/AmazeUI/assets/i/examples/landing.png
ERR: 无法加载模块:Public

[ 2015-01-28T16:48:56+08:00 ] ::1 /W3CAY/Public/AmazeUI/assets/i/examples/landing.png
ERR: 无法加载模块:Public

[ 2015-01-28T16:49:05+08:00 ] ::1 /W3CAY/Public/AmazeUI/assets/i/examples/landing.png
ERR: 无法加载模块:Public

[ 2015-01-28T16:50:09+08:00 ] ::1 /W3CAY/Public/AmazeUI/assets/i/examples/landing.png
ERR: 无法加载模块:Public

[ 2015-01-28T16:50:18+08:00 ] ::1 /W3CAY/Public/AmazeUI/assets/i/examples/landing.png
ERR: 无法加载模块:Public

[ 2015-01-28T16:50:42+08:00 ] ::1 /W3CAY/Public/AmazeUI/assets/i/examples/landing.png
ERR: 无法加载模块:Public

[ 2015-01-28T16:51:02+08:00 ] ::1 /W3CAY/Public/AmazeUI/assets/i/examples/landing.png
ERR: 无法加载模块:Public

[ 2015-01-28T16:51:18+08:00 ] ::1 /W3CAY/Public/AmazeUI/assets/i/examples/landing.png
ERR: 无法加载模块:Public

[ 2015-01-28T16:51:34+08:00 ] ::1 /W3CAY/Public/AmazeUI/assets/i/examples/landing.png
ERR: 无法加载模块:Public

[ 2015-01-28T16:51:44+08:00 ] ::1 /W3CAY/Public/AmazeUI/assets/i/examples/landing.png
ERR: 无法加载模块:Public

[ 2015-01-28T16:52:13+08:00 ] ::1 /W3CAY/Public/AmazeUI/assets/i/examples/landing.png
ERR: 无法加载模块:Public

[ 2015-01-28T16:59:11+08:00 ] ::1 /W3CAY/Public/AmazeUI/assets/i/examples/landing.png
ERR: 无法加载模块:Public

[ 2015-01-28T16:59:35+08:00 ] ::1 /W3CAY/Public/AmazeUI/assets/i/examples/landing.png
ERR: 无法加载模块:Public

[ 2015-01-28T16:59:52+08:00 ] ::1 /W3CAY/Public/AmazeUI/assets/i/examples/landing.png
ERR: 无法加载模块:Public

[ 2015-01-28T17:00:05+08:00 ] ::1 /W3CAY/Public/AmazeUI/assets/i/examples/landing.png
ERR: 无法加载模块:Public

[ 2015-01-28T17:00:18+08:00 ] ::1 /W3CAY/Public/AmazeUI/assets/i/examples/landing.png
ERR: 无法加载模块:Public

[ 2015-01-28T17:00:29+08:00 ] ::1 /W3CAY/Public/AmazeUI/assets/i/examples/landing.png
ERR: 无法加载模块:Public

[ 2015-01-28T17:00:56+08:00 ] ::1 /W3CAY/Public/AmazeUI/assets/i/examples/landing.png
ERR: 无法加载模块:Public

[ 2015-01-28T17:01:03+08:00 ] ::1 /W3CAY/Public/AmazeUI/assets/i/examples/landing.png
ERR: 无法加载模块:Public

[ 2015-01-28T17:01:27+08:00 ] ::1 /W3CAY/Public/AmazeUI/assets/i/examples/landing.png
ERR: 无法加载模块:Public

[ 2015-01-28T17:02:48+08:00 ] ::1 /W3CAY/Public/AmazeUI/assets/i/examples/landing.png
ERR: 无法加载模块:Public

[ 2015-01-28T17:02:58+08:00 ] ::1 /W3CAY/Public/AmazeUI/assets/i/examples/landing.png
ERR: 无法加载模块:Public

[ 2015-01-28T17:03:40+08:00 ] ::1 /W3CAY/Public/AmazeUI/assets/i/examples/landing.png
ERR: 无法加载模块:Public

[ 2015-01-28T17:03:47+08:00 ] ::1 /W3CAY/Public/AmazeUI/assets/i/examples/landing.png
ERR: 无法加载模块:Public

[ 2015-01-28T17:04:25+08:00 ] ::1 /W3CAY/Public/AmazeUI/assets/i/examples/landing.png
ERR: 无法加载模块:Public

[ 2015-01-28T17:04:38+08:00 ] ::1 /W3CAY/Public/AmazeUI/assets/i/examples/landing.png
ERR: 无法加载模块:Public

[ 2015-01-28T17:06:58+08:00 ] ::1 /W3CAY/Public/AmazeUI/assets/i/examples/landing.png
ERR: 无法加载模块:Public

[ 2015-01-28T17:07:14+08:00 ] ::1 /W3CAY/Public/AmazeUI/assets/i/examples/landing.png
ERR: 无法加载模块:Public

[ 2015-01-28T17:08:51+08:00 ] ::1 /W3CAY/Public/AmazeUI/assets/i/examples/landing.png
ERR: 无法加载模块:Public

[ 2015-01-28T17:11:49+08:00 ] ::1 /W3CAY/Public/AmazeUI/assets/i/examples/landing.png
ERR: 无法加载模块:Public

[ 2015-01-28T17:11:54+08:00 ] ::1 /W3CAY/Public/AmazeUI/assets/i/examples/landing.png
ERR: 无法加载模块:Public

[ 2015-01-28T17:12:12+08:00 ] ::1 /W3CAY/Public/AmazeUI/assets/i/examples/landing.png
ERR: 无法加载模块:Public

[ 2015-01-28T17:12:29+08:00 ] ::1 /W3CAY/Public/AmazeUI/assets/i/examples/landing.png
ERR: 无法加载模块:Public

[ 2015-01-28T17:12:35+08:00 ] ::1 /W3CAY/Public/AmazeUI/assets/i/examples/landing.png
ERR: 无法加载模块:Public

[ 2015-01-28T17:13:04+08:00 ] ::1 /W3CAY/Public/AmazeUI/assets/i/examples/landing.png
ERR: 无法加载模块:Public

[ 2015-01-28T17:14:06+08:00 ] ::1 /W3CAY/Public/AmazeUI/assets/i/examples/landing.png
ERR: 无法加载模块:Public

[ 2015-01-28T17:14:27+08:00 ] ::1 /W3CAY/Public/AmazeUI/assets/i/examples/landing.png
ERR: 无法加载模块:Public

[ 2015-01-28T17:15:44+08:00 ] ::1 /W3CAY/Public/AmazeUI/assets/i/examples/landing.png
ERR: 无法加载模块:Public

[ 2015-01-28T17:16:01+08:00 ] ::1 /W3CAY/Public/AmazeUI/assets/i/examples/landing.png
ERR: 无法加载模块:Public

[ 2015-01-28T17:18:37+08:00 ] ::1 /W3CAY/Public/AmazeUI/assets/i/examples/landing.png
ERR: 无法加载模块:Public

[ 2015-01-28T17:19:05+08:00 ] ::1 /W3CAY/Public/AmazeUI/assets/i/examples/landing.png
ERR: 无法加载模块:Public

[ 2015-01-28T17:19:20+08:00 ] ::1 /W3CAY/Public/AmazeUI/assets/i/examples/landing.png
ERR: 无法加载模块:Public

[ 2015-01-28T17:19:36+08:00 ] ::1 /W3CAY/Public/AmazeUI/assets/i/examples/landing.png
ERR: 无法加载模块:Public

[ 2015-01-28T17:19:45+08:00 ] ::1 /W3CAY/Public/AmazeUI/assets/i/examples/landing.png
ERR: 无法加载模块:Public

[ 2015-01-28T17:20:09+08:00 ] ::1 /W3CAY/Public/AmazeUI/assets/i/examples/landing.png
ERR: 无法加载模块:Public

[ 2015-01-28T17:20:26+08:00 ] ::1 /W3CAY/Public/AmazeUI/assets/i/examples/landing.png
ERR: 无法加载模块:Public

[ 2015-01-28T17:20:41+08:00 ] ::1 /W3CAY/Public/AmazeUI/assets/i/examples/landing.png
ERR: 无法加载模块:Public

[ 2015-01-28T17:20:56+08:00 ] ::1 /W3CAY/Public/AmazeUI/assets/i/examples/landing.png
ERR: 无法加载模块:Public

[ 2015-01-28T17:22:56+08:00 ] ::1 /W3CAY/Public/AmazeUI/assets/i/examples/landing.png
ERR: 无法加载模块:Public

[ 2015-01-28T17:23:16+08:00 ] ::1 /W3CAY/Public/AmazeUI/assets/i/examples/landing.png
ERR: 无法加载模块:Public

[ 2015-01-28T17:23:48+08:00 ] ::1 /W3CAY/Public/AmazeUI/assets/i/examples/landing.png
ERR: 无法加载模块:Public

[ 2015-01-28T17:23:53+08:00 ] ::1 /W3CAY/Public/AmazeUI/assets/i/examples/landing.png
ERR: 无法加载模块:Public

[ 2015-01-28T17:26:53+08:00 ] ::1 /W3CAY/Public/AmazeUI/assets/i/examples/landing.png
ERR: 无法加载模块:Public

[ 2015-01-28T17:30:06+08:00 ] ::1 /W3CAY/Public/AmazeUI/assets/i/examples/landing.png
ERR: 无法加载模块:Public

[ 2015-01-28T17:32:19+08:00 ] ::1 /W3CAY/Public/AmazeUI/assets/i/examples/landing.png
ERR: 无法加载模块:Public

[ 2015-01-28T17:32:27+08:00 ] ::1 /W3CAY/Public/AmazeUI/assets/i/examples/landing.png
ERR: 无法加载模块:Public

[ 2015-01-28T17:32:41+08:00 ] ::1 /W3CAY/Public/AmazeUI/assets/i/examples/landing.png
ERR: 无法加载模块:Public

[ 2015-01-28T17:32:46+08:00 ] ::1 /W3CAY/Public/AmazeUI/assets/i/examples/landing.png
ERR: 无法加载模块:Public

[ 2015-01-28T17:34:44+08:00 ] ::1 /W3CAY/Public/AmazeUI/assets/i/examples/landing.png
ERR: 无法加载模块:Public

[ 2015-01-28T17:35:21+08:00 ] ::1 /W3CAY/Public/AmazeUI/assets/i/examples/landing.png
ERR: 无法加载模块:Public

[ 2015-01-28T17:38:49+08:00 ] ::1 /W3CAY/Public/AmazeUI/assets/i/examples/landing.png
ERR: 无法加载模块:Public

[ 2015-01-28T17:41:25+08:00 ] ::1 /W3CAY/Public/AmazeUI/assets/i/examples/landing.png
ERR: 无法加载模块:Public

[ 2015-01-28T17:43:59+08:00 ] ::1 /W3CAY/Public/AmazeUI/assets/i/examples/landing.png
ERR: 无法加载模块:Public

[ 2015-01-28T17:44:16+08:00 ] ::1 /W3CAY/Public/AmazeUI/assets/i/examples/landing.png
ERR: 无法加载模块:Public

[ 2015-01-28T17:44:29+08:00 ] ::1 /W3CAY/Public/AmazeUI/assets/i/examples/landing.png
ERR: 无法加载模块:Public

[ 2015-01-28T17:46:30+08:00 ] ::1 /W3CAY/Public/AmazeUI/assets/i/examples/landing.png
ERR: 无法加载模块:Public

[ 2015-01-28T17:46:44+08:00 ] ::1 /W3CAY/Public/AmazeUI/assets/i/examples/landing.png
ERR: 无法加载模块:Public

[ 2015-01-28T17:47:27+08:00 ] ::1 /W3CAY/Public/AmazeUI/assets/i/examples/landing.png
ERR: 无法加载模块:Public

[ 2015-01-28T17:47:35+08:00 ] ::1 /W3CAY/Public/AmazeUI/assets/i/examples/landing.png
ERR: 无法加载模块:Public

[ 2015-01-28T17:48:03+08:00 ] ::1 /W3CAY/Public/AmazeUI/assets/i/examples/landing.png
ERR: 无法加载模块:Public

[ 2015-01-28T17:52:20+08:00 ] ::1 /W3CAY/Public/AmazeUI/assets/i/examples/landing.png
ERR: 无法加载模块:Public

[ 2015-01-28T17:53:18+08:00 ] ::1 /W3CAY/Public/AmazeUI/assets/i/examples/landing.png
ERR: 无法加载模块:Public

[ 2015-01-28T17:53:48+08:00 ] ::1 /W3CAY/Public/AmazeUI/assets/i/examples/landing.png
ERR: 无法加载模块:Public

[ 2015-01-28T17:58:32+08:00 ] ::1 /W3CAY/Public/AmazeUI/assets/i/examples/landing.png
ERR: 无法加载模块:Public

[ 2015-01-28T17:59:12+08:00 ] ::1 /W3CAY/Public/AmazeUI/assets/i/examples/landing.png
ERR: 无法加载模块:Public

[ 2015-01-28T17:59:50+08:00 ] ::1 /W3CAY/Public/AmazeUI/assets/i/examples/landing.png
ERR: 无法加载模块:Public

[ 2015-01-28T18:00:09+08:00 ] ::1 /W3CAY/Public/AmazeUI/assets/i/examples/landing.png
ERR: 无法加载模块:Public

[ 2015-01-28T18:00:31+08:00 ] ::1 /W3CAY/Public/AmazeUI/assets/i/examples/landing.png
ERR: 无法加载模块:Public

[ 2015-01-28T18:00:59+08:00 ] ::1 /W3CAY/Public/AmazeUI/assets/i/examples/landing.png
ERR: 无法加载模块:Public

[ 2015-01-28T18:01:31+08:00 ] ::1 /W3CAY/Public/AmazeUI/assets/i/examples/landing.png
ERR: 无法加载模块:Public

[ 2015-01-28T18:02:22+08:00 ] ::1 /W3CAY/Public/AmazeUI/assets/i/examples/landing.png
ERR: 无法加载模块:Public

[ 2015-01-28T18:02:47+08:00 ] ::1 /W3CAY/Public/AmazeUI/assets/i/examples/landing.png
ERR: 无法加载模块:Public

[ 2015-01-28T18:03:37+08:00 ] ::1 /W3CAY/Public/AmazeUI/assets/i/examples/landing.png
ERR: 无法加载模块:Public

[ 2015-01-28T18:04:11+08:00 ] ::1 /W3CAY/Public/AmazeUI/assets/i/examples/landing.png
ERR: 无法加载模块:Public

[ 2015-01-28T18:04:27+08:00 ] ::1 /W3CAY/Public/AmazeUI/assets/i/examples/landing.png
ERR: 无法加载模块:Public

[ 2015-01-28T18:04:44+08:00 ] ::1 /W3CAY/Public/AmazeUI/assets/i/examples/landing.png
ERR: 无法加载模块:Public

[ 2015-01-28T18:05:15+08:00 ] ::1 /W3CAY/Public/AmazeUI/assets/i/examples/landing.png
ERR: 无法加载模块:Public

[ 2015-01-28T18:07:07+08:00 ] ::1 /W3CAY/Public/AmazeUI/assets/i/examples/landing.png
ERR: 无法加载模块:Public

[ 2015-01-28T18:07:23+08:00 ] ::1 /W3CAY/Public/AmazeUI/assets/i/examples/landing.png
ERR: 无法加载模块:Public

[ 2015-01-28T18:07:36+08:00 ] ::1 /W3CAY/Public/AmazeUI/assets/i/examples/landing.png
ERR: 无法加载模块:Public

[ 2015-01-28T18:07:59+08:00 ] ::1 /W3CAY/Public/AmazeUI/assets/i/examples/landing.png
ERR: 无法加载模块:Public

[ 2015-01-28T18:13:28+08:00 ] ::1 /W3CAY/Public/Public/IMG/btn.png
ERR: 无法加载模块:Public

[ 2015-01-28T18:13:28+08:00 ] ::1 /W3CAY/Public/AmazeUI/assets/i/examples/landing.png
ERR: 无法加载模块:Public

[ 2015-01-28T18:13:37+08:00 ] ::1 /W3CAY/Public/Public/IMG/btn.png
ERR: 无法加载模块:Public

[ 2015-01-28T18:13:37+08:00 ] ::1 /W3CAY/Public/AmazeUI/assets/i/examples/landing.png
ERR: 无法加载模块:Public

[ 2015-01-28T18:13:59+08:00 ] ::1 /W3CAY/Public/AmazeUI/assets/i/examples/landing.png
ERR: 无法加载模块:Public

[ 2015-01-28T18:14:31+08:00 ] ::1 /W3CAY/Public/AmazeUI/assets/i/examples/landing.png
ERR: 无法加载模块:Public

[ 2015-01-28T18:14:34+08:00 ] ::1 /W3CAY/Public/AmazeUI/assets/i/examples/landing.png
ERR: 无法加载模块:Public

[ 2015-01-28T18:14:35+08:00 ] ::1 /W3CAY/Public/AmazeUI/assets/i/examples/landing.png
ERR: 无法加载模块:Public

[ 2015-01-28T18:14:48+08:00 ] ::1 /W3CAY/Public/AmazeUI/assets/i/examples/landing.png
ERR: 无法加载模块:Public

[ 2015-01-28T18:15:08+08:00 ] ::1 /W3CAY/Public/AmazeUI/assets/i/examples/landing.png
ERR: 无法加载模块:Public

[ 2015-01-28T18:15:53+08:00 ] ::1 /W3CAY/Public/AmazeUI/assets/i/examples/landing.png
ERR: 无法加载模块:Public

[ 2015-01-28T18:16:08+08:00 ] ::1 /W3CAY/Public/AmazeUI/assets/i/examples/landing.png
ERR: 无法加载模块:Public

[ 2015-01-28T18:17:04+08:00 ] ::1 /W3CAY/Public/AmazeUI/assets/i/examples/landing.png
ERR: 无法加载模块:Public

[ 2015-01-28T18:18:39+08:00 ] ::1 /W3CAY/Public/AmazeUI/assets/i/examples/landing.png
ERR: 无法加载模块:Public

[ 2015-01-28T18:19:38+08:00 ] ::1 /W3CAY/Public/AmazeUI/assets/i/examples/landing.png
ERR: 无法加载模块:Public

[ 2015-01-28T18:22:26+08:00 ] ::1 /W3CAY/Public/AmazeUI/assets/i/examples/landing.png
ERR: 无法加载模块:Public

[ 2015-01-28T18:23:25+08:00 ] ::1 /W3CAY/Public/AmazeUI/assets/i/examples/landing.png
ERR: 无法加载模块:Public

[ 2015-01-28T18:23:26+08:00 ] ::1 /W3CAY/Public/AmazeUI/assets/i/examples/landing.png
ERR: 无法加载模块:Public

[ 2015-01-28T18:25:01+08:00 ] ::1 /W3CAY/Public/AmazeUI/assets/i/examples/landing.png
ERR: 无法加载模块:Public

[ 2015-01-28T18:26:20+08:00 ] ::1 /W3CAY/Public/AmazeUI/assets/i/examples/landing.png
ERR: 无法加载模块:Public

[ 2015-01-28T18:26:30+08:00 ] ::1 /W3CAY/Public/AmazeUI/assets/i/examples/landing.png
ERR: 无法加载模块:Public

[ 2015-01-28T18:27:01+08:00 ] ::1 /W3CAY/Public/AmazeUI/assets/i/examples/landing.png
ERR: 无法加载模块:Public

[ 2015-01-28T18:27:08+08:00 ] ::1 /W3CAY/Public/AmazeUI/assets/i/examples/landing.png
ERR: 无法加载模块:Public

[ 2015-01-28T18:27:13+08:00 ] ::1 /W3CAY/Public/AmazeUI/assets/i/examples/landing.png
ERR: 无法加载模块:Public

[ 2015-01-28T18:27:21+08:00 ] ::1 /W3CAY/Public/AmazeUI/assets/i/examples/landing.png
ERR: 无法加载模块:Public

[ 2015-01-28T18:27:35+08:00 ] ::1 /W3CAY/Public/AmazeUI/assets/i/examples/landing.png
ERR: 无法加载模块:Public

[ 2015-01-28T18:27:41+08:00 ] ::1 /W3CAY/Public/AmazeUI/assets/i/examples/landing.png
ERR: 无法加载模块:Public

[ 2015-01-28T18:28:04+08:00 ] ::1 /W3CAY/Public/AmazeUI/assets/i/examples/landing.png
ERR: 无法加载模块:Public

[ 2015-01-28T18:56:06+08:00 ] ::1 /W3CAY/Public/AmazeUI/assets/i/examples/landing.png
ERR: 无法加载模块:Public

[ 2015-01-28T18:57:25+08:00 ] ::1 /W3CAY/Public/AmazeUI/assets/i/examples/landing.png
ERR: 无法加载模块:Public

[ 2015-01-28T18:57:51+08:00 ] ::1 /W3CAY/Public/AmazeUI/assets/i/examples/landing.png
ERR: 无法加载模块:Public

[ 2015-01-28T18:57:57+08:00 ] ::1 /W3CAY/Public/AmazeUI/assets/i/examples/landing.png
ERR: 无法加载模块:Public

[ 2015-01-28T18:58:29+08:00 ] ::1 /W3CAY/Public/AmazeUI/assets/i/examples/landing.png
ERR: 无法加载模块:Public

[ 2015-01-28T18:58:57+08:00 ] ::1 /W3CAY/Public/AmazeUI/assets/i/examples/landing.png
ERR: 无法加载模块:Public

[ 2015-01-28T19:00:30+08:00 ] ::1 /W3CAY/Public/AmazeUI/assets/i/examples/landing.png
ERR: 无法加载模块:Public

[ 2015-01-28T19:02:22+08:00 ] ::1 /W3CAY/Public/AmazeUI/assets/i/examples/landing.png
ERR: 无法加载模块:Public

[ 2015-01-28T19:07:04+08:00 ] ::1 /W3CAY/Public/AmazeUI/assets/i/examples/landing.png
ERR: 无法加载模块:Public

